ARM GAS  C:\Users\mlgjmoor\AppData\Local\Temp\ccfud7Jo.s 			page 1


   1              		.cpu cortex-m0
   2              		.fpu softvfp
   3              		.eabi_attribute 20, 1
   4              		.eabi_attribute 21, 1
   5              		.eabi_attribute 23, 3
   6              		.eabi_attribute 24, 1
   7              		.eabi_attribute 25, 1
   8              		.eabi_attribute 26, 1
   9              		.eabi_attribute 30, 1
  10              		.eabi_attribute 34, 0
  11              		.eabi_attribute 18, 4
  12              		.code	16
  13              		.file	"cyfitter_cfg.c"
  14              		.text
  15              	.Ltext0:
  16              		.cfi_sections	.debug_frame
  17              		.section	.text.CYMEMZERO,"ax",%progbits
  18              		.align	2
  19              		.code	16
  20              		.thumb_func
  21              		.type	CYMEMZERO, %function
  22              	CYMEMZERO:
  23              	.LFB2:
  24              		.file 1 ".\\Generated_Source\\PSoC4\\cyfitter_cfg.c"
   1:.\Generated_Source\PSoC4/cyfitter_cfg.c **** /*******************************************************************************
   2:.\Generated_Source\PSoC4/cyfitter_cfg.c **** * File Name: cyfitter_cfg.c
   3:.\Generated_Source\PSoC4/cyfitter_cfg.c **** * 
   4:.\Generated_Source\PSoC4/cyfitter_cfg.c **** * PSoC Creator  3.3 CP3
   5:.\Generated_Source\PSoC4/cyfitter_cfg.c **** *
   6:.\Generated_Source\PSoC4/cyfitter_cfg.c **** * Description:
   7:.\Generated_Source\PSoC4/cyfitter_cfg.c **** * This file contains device initialization code.
   8:.\Generated_Source\PSoC4/cyfitter_cfg.c **** * Except for the user defined sections in CyClockStartupError(), this file should not be modified.
   9:.\Generated_Source\PSoC4/cyfitter_cfg.c **** * This file is automatically generated by PSoC Creator.
  10:.\Generated_Source\PSoC4/cyfitter_cfg.c **** *
  11:.\Generated_Source\PSoC4/cyfitter_cfg.c **** ********************************************************************************
  12:.\Generated_Source\PSoC4/cyfitter_cfg.c **** * Copyright (c) 2007-2016 Cypress Semiconductor.  All rights reserved.
  13:.\Generated_Source\PSoC4/cyfitter_cfg.c **** * You may use this file only in accordance with the license, terms, conditions, 
  14:.\Generated_Source\PSoC4/cyfitter_cfg.c **** * disclaimers, and limitations in the end user license agreement accompanying 
  15:.\Generated_Source\PSoC4/cyfitter_cfg.c **** * the software package with which this file was provided.
  16:.\Generated_Source\PSoC4/cyfitter_cfg.c **** ********************************************************************************/
  17:.\Generated_Source\PSoC4/cyfitter_cfg.c **** 
  18:.\Generated_Source\PSoC4/cyfitter_cfg.c **** #include <string.h>
  19:.\Generated_Source\PSoC4/cyfitter_cfg.c **** #include "cytypes.h"
  20:.\Generated_Source\PSoC4/cyfitter_cfg.c **** #include "cydevice_trm.h"
  21:.\Generated_Source\PSoC4/cyfitter_cfg.c **** #include "cyfitter.h"
  22:.\Generated_Source\PSoC4/cyfitter_cfg.c **** #include "CyLib.h"
  23:.\Generated_Source\PSoC4/cyfitter_cfg.c **** #include "CyLFClk.h"
  24:.\Generated_Source\PSoC4/cyfitter_cfg.c **** #include "cyfitter_cfg.h"
  25:.\Generated_Source\PSoC4/cyfitter_cfg.c **** 
  26:.\Generated_Source\PSoC4/cyfitter_cfg.c **** 
  27:.\Generated_Source\PSoC4/cyfitter_cfg.c **** #if defined(__GNUC__) || defined(__ARMCC_VERSION)
  28:.\Generated_Source\PSoC4/cyfitter_cfg.c ****     #define CYPACKED 
  29:.\Generated_Source\PSoC4/cyfitter_cfg.c ****     #define CYPACKED_ATTR __attribute__ ((packed))
  30:.\Generated_Source\PSoC4/cyfitter_cfg.c ****     #define CYALIGNED __attribute__ ((aligned))
  31:.\Generated_Source\PSoC4/cyfitter_cfg.c ****     #define CY_CFG_UNUSED __attribute__ ((unused))
  32:.\Generated_Source\PSoC4/cyfitter_cfg.c ****     #ifndef CY_CFG_SECTION
  33:.\Generated_Source\PSoC4/cyfitter_cfg.c ****         #define CY_CFG_SECTION __attribute__ ((section(".psocinit")))
ARM GAS  C:\Users\mlgjmoor\AppData\Local\Temp\ccfud7Jo.s 			page 2


  34:.\Generated_Source\PSoC4/cyfitter_cfg.c ****     #endif
  35:.\Generated_Source\PSoC4/cyfitter_cfg.c ****     
  36:.\Generated_Source\PSoC4/cyfitter_cfg.c ****     #if defined(__ARMCC_VERSION)
  37:.\Generated_Source\PSoC4/cyfitter_cfg.c ****         #define CY_CFG_MEMORY_BARRIER() __memory_changed()
  38:.\Generated_Source\PSoC4/cyfitter_cfg.c ****     #else
  39:.\Generated_Source\PSoC4/cyfitter_cfg.c ****         #define CY_CFG_MEMORY_BARRIER() __sync_synchronize()
  40:.\Generated_Source\PSoC4/cyfitter_cfg.c ****     #endif
  41:.\Generated_Source\PSoC4/cyfitter_cfg.c ****     
  42:.\Generated_Source\PSoC4/cyfitter_cfg.c **** #elif defined(__ICCARM__)
  43:.\Generated_Source\PSoC4/cyfitter_cfg.c ****     #include <intrinsics.h>
  44:.\Generated_Source\PSoC4/cyfitter_cfg.c **** 
  45:.\Generated_Source\PSoC4/cyfitter_cfg.c ****     #define CYPACKED __packed
  46:.\Generated_Source\PSoC4/cyfitter_cfg.c ****     #define CYPACKED_ATTR 
  47:.\Generated_Source\PSoC4/cyfitter_cfg.c ****     #define CYALIGNED _Pragma("data_alignment=4")
  48:.\Generated_Source\PSoC4/cyfitter_cfg.c ****     #define CY_CFG_UNUSED _Pragma("diag_suppress=Pe177")
  49:.\Generated_Source\PSoC4/cyfitter_cfg.c ****     #define CY_CFG_SECTION _Pragma("location=\".psocinit\"")
  50:.\Generated_Source\PSoC4/cyfitter_cfg.c ****     
  51:.\Generated_Source\PSoC4/cyfitter_cfg.c ****     #define CY_CFG_MEMORY_BARRIER() __DMB()
  52:.\Generated_Source\PSoC4/cyfitter_cfg.c ****     
  53:.\Generated_Source\PSoC4/cyfitter_cfg.c **** #else
  54:.\Generated_Source\PSoC4/cyfitter_cfg.c ****     #error Unsupported toolchain
  55:.\Generated_Source\PSoC4/cyfitter_cfg.c **** #endif
  56:.\Generated_Source\PSoC4/cyfitter_cfg.c **** 
  57:.\Generated_Source\PSoC4/cyfitter_cfg.c **** 
  58:.\Generated_Source\PSoC4/cyfitter_cfg.c **** CY_CFG_UNUSED
  59:.\Generated_Source\PSoC4/cyfitter_cfg.c **** static void CYMEMZERO(void *s, size_t n);
  60:.\Generated_Source\PSoC4/cyfitter_cfg.c **** CY_CFG_UNUSED
  61:.\Generated_Source\PSoC4/cyfitter_cfg.c **** static void CYMEMZERO(void *s, size_t n)
  62:.\Generated_Source\PSoC4/cyfitter_cfg.c **** {
  25              		.loc 1 62 0
  26              		.cfi_startproc
  27              	.LVL0:
  28 0000 08B5     		push	{r3, lr}
  29              		.cfi_def_cfa_offset 8
  30              		.cfi_offset 3, -8
  31              		.cfi_offset 14, -4
  32 0002 0A1C     		mov	r2, r1
  63:.\Generated_Source\PSoC4/cyfitter_cfg.c **** 	(void)memset(s, 0, n);
  33              		.loc 1 63 0
  34 0004 0021     		mov	r1, #0
  35              	.LVL1:
  36 0006 FFF7FEFF 		bl	memset
  37              	.LVL2:
  64:.\Generated_Source\PSoC4/cyfitter_cfg.c **** }
  38              		.loc 1 64 0
  39              		@ sp needed
  40 000a 08BD     		pop	{r3, pc}
  41              		.cfi_endproc
  42              	.LFE2:
  43              		.size	CYMEMZERO, .-CYMEMZERO
  44              		.section	.psocinit,"ax",%progbits
  45              		.align	2
  46              		.code	16
  47              		.thumb_func
  48              		.type	ClockSetup, %function
  49              	ClockSetup:
  50              	.LFB5:
ARM GAS  C:\Users\mlgjmoor\AppData\Local\Temp\ccfud7Jo.s 			page 3


  65:.\Generated_Source\PSoC4/cyfitter_cfg.c **** CY_CFG_UNUSED
  66:.\Generated_Source\PSoC4/cyfitter_cfg.c **** static void CYCONFIGCPY(void *dest, const void *src, size_t n);
  67:.\Generated_Source\PSoC4/cyfitter_cfg.c **** CY_CFG_UNUSED
  68:.\Generated_Source\PSoC4/cyfitter_cfg.c **** static void CYCONFIGCPY(void *dest, const void *src, size_t n)
  69:.\Generated_Source\PSoC4/cyfitter_cfg.c **** {
  70:.\Generated_Source\PSoC4/cyfitter_cfg.c **** 	(void)memcpy(dest, src, n);
  71:.\Generated_Source\PSoC4/cyfitter_cfg.c **** }
  72:.\Generated_Source\PSoC4/cyfitter_cfg.c **** CY_CFG_UNUSED
  73:.\Generated_Source\PSoC4/cyfitter_cfg.c **** static void CYCONFIGCPYCODE(void *dest, const void *src, size_t n);
  74:.\Generated_Source\PSoC4/cyfitter_cfg.c **** CY_CFG_UNUSED
  75:.\Generated_Source\PSoC4/cyfitter_cfg.c **** static void CYCONFIGCPYCODE(void *dest, const void *src, size_t n)
  76:.\Generated_Source\PSoC4/cyfitter_cfg.c **** {
  77:.\Generated_Source\PSoC4/cyfitter_cfg.c **** 	(void)memcpy(dest, src, n);
  78:.\Generated_Source\PSoC4/cyfitter_cfg.c **** }
  79:.\Generated_Source\PSoC4/cyfitter_cfg.c **** 
  80:.\Generated_Source\PSoC4/cyfitter_cfg.c **** 
  81:.\Generated_Source\PSoC4/cyfitter_cfg.c **** 
  82:.\Generated_Source\PSoC4/cyfitter_cfg.c **** /* Clock startup error codes                                                   */
  83:.\Generated_Source\PSoC4/cyfitter_cfg.c **** #define CYCLOCKSTART_NO_ERROR    0u
  84:.\Generated_Source\PSoC4/cyfitter_cfg.c **** #define CYCLOCKSTART_XTAL_ERROR  1u
  85:.\Generated_Source\PSoC4/cyfitter_cfg.c **** #define CYCLOCKSTART_32KHZ_ERROR 2u
  86:.\Generated_Source\PSoC4/cyfitter_cfg.c **** #define CYCLOCKSTART_PLL_ERROR   3u
  87:.\Generated_Source\PSoC4/cyfitter_cfg.c **** 
  88:.\Generated_Source\PSoC4/cyfitter_cfg.c **** #ifdef CY_NEED_CYCLOCKSTARTUPERROR
  89:.\Generated_Source\PSoC4/cyfitter_cfg.c **** /*******************************************************************************
  90:.\Generated_Source\PSoC4/cyfitter_cfg.c **** * Function Name: CyClockStartupError
  91:.\Generated_Source\PSoC4/cyfitter_cfg.c **** ********************************************************************************
  92:.\Generated_Source\PSoC4/cyfitter_cfg.c **** * Summary:
  93:.\Generated_Source\PSoC4/cyfitter_cfg.c **** *  If an error is encountered during clock configuration (crystal startup error,
  94:.\Generated_Source\PSoC4/cyfitter_cfg.c **** *  PLL lock error, etc.), the system will end up here.  Unless reimplemented by
  95:.\Generated_Source\PSoC4/cyfitter_cfg.c **** *  the customer, this function will stop in an infinite loop.
  96:.\Generated_Source\PSoC4/cyfitter_cfg.c **** *
  97:.\Generated_Source\PSoC4/cyfitter_cfg.c **** * Parameters:
  98:.\Generated_Source\PSoC4/cyfitter_cfg.c **** *   void
  99:.\Generated_Source\PSoC4/cyfitter_cfg.c **** *
 100:.\Generated_Source\PSoC4/cyfitter_cfg.c **** * Return:
 101:.\Generated_Source\PSoC4/cyfitter_cfg.c **** *   void
 102:.\Generated_Source\PSoC4/cyfitter_cfg.c **** *
 103:.\Generated_Source\PSoC4/cyfitter_cfg.c **** *******************************************************************************/
 104:.\Generated_Source\PSoC4/cyfitter_cfg.c **** CY_CFG_UNUSED
 105:.\Generated_Source\PSoC4/cyfitter_cfg.c **** static void CyClockStartupError(uint8 errorCode);
 106:.\Generated_Source\PSoC4/cyfitter_cfg.c **** CY_CFG_UNUSED
 107:.\Generated_Source\PSoC4/cyfitter_cfg.c **** static void CyClockStartupError(uint8 errorCode)
 108:.\Generated_Source\PSoC4/cyfitter_cfg.c **** {
 109:.\Generated_Source\PSoC4/cyfitter_cfg.c ****     /* To remove the compiler warning if errorCode not used.                */
 110:.\Generated_Source\PSoC4/cyfitter_cfg.c ****     errorCode = errorCode;
 111:.\Generated_Source\PSoC4/cyfitter_cfg.c **** 
 112:.\Generated_Source\PSoC4/cyfitter_cfg.c ****     /* `#START CyClockStartupError` */
 113:.\Generated_Source\PSoC4/cyfitter_cfg.c **** 
 114:.\Generated_Source\PSoC4/cyfitter_cfg.c ****     /* If we have a clock startup error (bad MHz crystal, PLL lock, etc.),  */
 115:.\Generated_Source\PSoC4/cyfitter_cfg.c ****     /* we will end up here to allow the customer to implement something to  */
 116:.\Generated_Source\PSoC4/cyfitter_cfg.c ****     /* deal with the clock condition.                                       */
 117:.\Generated_Source\PSoC4/cyfitter_cfg.c **** 
 118:.\Generated_Source\PSoC4/cyfitter_cfg.c ****     /* `#END` */
 119:.\Generated_Source\PSoC4/cyfitter_cfg.c **** 
 120:.\Generated_Source\PSoC4/cyfitter_cfg.c ****     /* If nothing else, stop here since the clocks have not started         */
 121:.\Generated_Source\PSoC4/cyfitter_cfg.c ****     /* correctly.                                                           */
ARM GAS  C:\Users\mlgjmoor\AppData\Local\Temp\ccfud7Jo.s 			page 4


 122:.\Generated_Source\PSoC4/cyfitter_cfg.c ****     while(1) {}
 123:.\Generated_Source\PSoC4/cyfitter_cfg.c **** }
 124:.\Generated_Source\PSoC4/cyfitter_cfg.c **** #endif
 125:.\Generated_Source\PSoC4/cyfitter_cfg.c **** 
 126:.\Generated_Source\PSoC4/cyfitter_cfg.c **** 
 127:.\Generated_Source\PSoC4/cyfitter_cfg.c **** 
 128:.\Generated_Source\PSoC4/cyfitter_cfg.c **** /*******************************************************************************
 129:.\Generated_Source\PSoC4/cyfitter_cfg.c **** * Function Name: ClockSetup
 130:.\Generated_Source\PSoC4/cyfitter_cfg.c **** ********************************************************************************
 131:.\Generated_Source\PSoC4/cyfitter_cfg.c **** *
 132:.\Generated_Source\PSoC4/cyfitter_cfg.c **** * Summary:
 133:.\Generated_Source\PSoC4/cyfitter_cfg.c **** *   Performs the initialization of all of the clocks in the device based on the
 134:.\Generated_Source\PSoC4/cyfitter_cfg.c **** *   settings in the Clock tab of the DWR.  This includes enabling the requested
 135:.\Generated_Source\PSoC4/cyfitter_cfg.c **** *   clocks and setting the necessary dividers to produce the desired frequency. 
 136:.\Generated_Source\PSoC4/cyfitter_cfg.c **** *
 137:.\Generated_Source\PSoC4/cyfitter_cfg.c **** * Parameters:
 138:.\Generated_Source\PSoC4/cyfitter_cfg.c **** *   void
 139:.\Generated_Source\PSoC4/cyfitter_cfg.c **** *
 140:.\Generated_Source\PSoC4/cyfitter_cfg.c **** * Return:
 141:.\Generated_Source\PSoC4/cyfitter_cfg.c **** *   void
 142:.\Generated_Source\PSoC4/cyfitter_cfg.c **** *
 143:.\Generated_Source\PSoC4/cyfitter_cfg.c **** *******************************************************************************/
 144:.\Generated_Source\PSoC4/cyfitter_cfg.c **** static void ClockSetup(void);
 145:.\Generated_Source\PSoC4/cyfitter_cfg.c **** CY_CFG_SECTION
 146:.\Generated_Source\PSoC4/cyfitter_cfg.c **** static void ClockSetup(void)
 147:.\Generated_Source\PSoC4/cyfitter_cfg.c **** {
  51              		.loc 1 147 0
  52              		.cfi_startproc
  53 0000 38B5     		push	{r3, r4, r5, lr}
  54              		.cfi_def_cfa_offset 16
  55              		.cfi_offset 3, -16
  56              		.cfi_offset 4, -12
  57              		.cfi_offset 5, -8
  58              		.cfi_offset 14, -4
 148:.\Generated_Source\PSoC4/cyfitter_cfg.c **** 
 149:.\Generated_Source\PSoC4/cyfitter_cfg.c **** 	/* Set Flash Cycles based on max possible frequency in case a glitch occurs during ClockSetup(). *
 150:.\Generated_Source\PSoC4/cyfitter_cfg.c **** 	CY_SET_REG32((void CYXDATA *)(CYREG_CPUSS_FLASH_CTL), (0x0012u));
  59              		.loc 1 150 0
  60 0002 1222     		mov	r2, #18
  61 0004 2E4B     		ldr	r3, .L3
  62 0006 1A60     		str	r2, [r3]
 151:.\Generated_Source\PSoC4/cyfitter_cfg.c **** 
 152:.\Generated_Source\PSoC4/cyfitter_cfg.c **** 	/* Start the WCO */
 153:.\Generated_Source\PSoC4/cyfitter_cfg.c **** 	CySysClkWcoStart();
  63              		.loc 1 153 0
  64 0008 FFF7FEFF 		bl	CySysClkWcoStart
  65              	.LVL3:
 154:.\Generated_Source\PSoC4/cyfitter_cfg.c **** 	CyDelayCycles(12000000u); /* WCO may take up to 500ms to start */
  66              		.loc 1 154 0
  67 000c 2D48     		ldr	r0, .L3+4
  68 000e FFF7FEFF 		bl	CyDelayCycles
  69              	.LVL4:
 155:.\Generated_Source\PSoC4/cyfitter_cfg.c **** 	(void)CySysClkWcoSetPowerMode(CY_SYS_CLK_WCO_LPM);    /* Switch to the low power mode */
  70              		.loc 1 155 0
  71 0012 0120     		mov	r0, #1
  72 0014 FFF7FEFF 		bl	CySysClkWcoSetPowerMode
  73              	.LVL5:
ARM GAS  C:\Users\mlgjmoor\AppData\Local\Temp\ccfud7Jo.s 			page 5


 156:.\Generated_Source\PSoC4/cyfitter_cfg.c **** 
 157:.\Generated_Source\PSoC4/cyfitter_cfg.c **** 	/* Setup and trim IMO based on desired frequency. */
 158:.\Generated_Source\PSoC4/cyfitter_cfg.c **** 	CySysClkWriteImoFreq(48u);
  74              		.loc 1 158 0
  75 0018 3020     		mov	r0, #48
  76 001a FFF7FEFF 		bl	CySysClkWriteImoFreq
  77              	.LVL6:
 159:.\Generated_Source\PSoC4/cyfitter_cfg.c **** 	/* CYDEV_CLK_ILO_CONFIG Starting address: CYDEV_CLK_ILO_CONFIG */
 160:.\Generated_Source\PSoC4/cyfitter_cfg.c **** 	CY_SET_XTND_REG32((void CYFAR *)(CYREG_CLK_ILO_CONFIG), 0x80000006u);
  78              		.loc 1 160 0
  79 001e 2A4A     		ldr	r2, .L3+8
  80 0020 2A4B     		ldr	r3, .L3+12
  81 0022 1A60     		str	r2, [r3]
 161:.\Generated_Source\PSoC4/cyfitter_cfg.c **** 
 162:.\Generated_Source\PSoC4/cyfitter_cfg.c **** 	/* CYDEV_WDT_CONFIG Starting address: CYDEV_WDT_CONFIG */
 163:.\Generated_Source\PSoC4/cyfitter_cfg.c **** 	CY_SET_XTND_REG32((void CYFAR *)(CYREG_WDT_CONFIG), 0x40000000u);
  82              		.loc 1 163 0
  83 0024 2A4C     		ldr	r4, .L3+16
  84 0026 8025     		mov	r5, #128
  85 0028 ED05     		lsl	r5, r5, #23
  86 002a 2560     		str	r5, [r4]
 164:.\Generated_Source\PSoC4/cyfitter_cfg.c **** 
 165:.\Generated_Source\PSoC4/cyfitter_cfg.c **** 
 166:.\Generated_Source\PSoC4/cyfitter_cfg.c **** 	/* Enable fast start mode for XO */
 167:.\Generated_Source\PSoC4/cyfitter_cfg.c **** 	CY_SET_REG32((void*)CYREG_BLE_BLERD_BB_XO, CY_GET_REG32((void*)CYREG_BLE_BLERD_BB_XO) | (uint32)0x
  87              		.loc 1 167 0
  88 002c 294A     		ldr	r2, .L3+20
  89 002e 1168     		ldr	r1, [r2]
  90 0030 0223     		mov	r3, #2
  91 0032 0B43     		orr	r3, r1
  92 0034 1360     		str	r3, [r2]
 168:.\Generated_Source\PSoC4/cyfitter_cfg.c **** 	CY_SET_XTND_REG32((void CYFAR *)(CYREG_BLE_BLERD_BB_XO_CAPTRIM), 0x00003E2Du);
  93              		.loc 1 168 0
  94 0036 284A     		ldr	r2, .L3+24
  95 0038 284B     		ldr	r3, .L3+28
  96 003a 1A60     		str	r2, [r3]
 169:.\Generated_Source\PSoC4/cyfitter_cfg.c **** 	/* Disable Crystal Stable Interrupt before enabling ECO */
 170:.\Generated_Source\PSoC4/cyfitter_cfg.c **** 	CY_SET_REG32((void*)CYREG_BLE_BLESS_LL_DSM_CTRL, CY_GET_REG32((void*)CYREG_BLE_BLESS_LL_DSM_CTRL) 
  97              		.loc 1 170 0
  98 003c 284A     		ldr	r2, .L3+32
  99 003e 1368     		ldr	r3, [r2]
 100 0040 0821     		mov	r1, #8
 101 0042 8B43     		bic	r3, r1
 102 0044 1360     		str	r3, [r2]
 171:.\Generated_Source\PSoC4/cyfitter_cfg.c **** 	/* Start the ECO and do not check status since it is not needed for HFCLK */
 172:.\Generated_Source\PSoC4/cyfitter_cfg.c **** 	(void)CySysClkEcoStart(2000u);
 103              		.loc 1 172 0
 104 0046 FA20     		mov	r0, #250
 105 0048 C000     		lsl	r0, r0, #3
 106 004a FFF7FEFF 		bl	CySysClkEcoStart
 107              	.LVL7:
 173:.\Generated_Source\PSoC4/cyfitter_cfg.c **** 	CyDelayUs(1500u); /* Wait to stabalize */
 108              		.loc 1 173 0
 109 004e 2548     		ldr	r0, .L3+36
 110 0050 FFF7FEFF 		bl	CyDelayUs
 111              	.LVL8:
 174:.\Generated_Source\PSoC4/cyfitter_cfg.c **** 
ARM GAS  C:\Users\mlgjmoor\AppData\Local\Temp\ccfud7Jo.s 			page 6


 175:.\Generated_Source\PSoC4/cyfitter_cfg.c **** 	/* Setup phase aligned clocks */
 176:.\Generated_Source\PSoC4/cyfitter_cfg.c **** 	CY_SET_REG32((void *)CYREG_PERI_DIV_16_CTL3, 0x0002ED00u);
 112              		.loc 1 176 0
 113 0054 244A     		ldr	r2, .L3+40
 114 0056 254B     		ldr	r3, .L3+44
 115 0058 1A60     		str	r2, [r3]
 177:.\Generated_Source\PSoC4/cyfitter_cfg.c **** 	CY_SET_REG32((void *)CYREG_PERI_DIV_CMD, 0x8000FF43u);
 116              		.loc 1 177 0
 117 005a 254B     		ldr	r3, .L3+48
 118 005c 254A     		ldr	r2, .L3+52
 119 005e 1A60     		str	r2, [r3]
 178:.\Generated_Source\PSoC4/cyfitter_cfg.c **** 	CY_SET_REG32((void *)CYREG_PERI_DIV_16_CTL2, 0x00002F00u);
 120              		.loc 1 178 0
 121 0060 BC21     		mov	r1, #188
 122 0062 8901     		lsl	r1, r1, #6
 123 0064 244A     		ldr	r2, .L3+56
 124 0066 1160     		str	r1, [r2]
 179:.\Generated_Source\PSoC4/cyfitter_cfg.c **** 	CY_SET_REG32((void *)CYREG_PERI_DIV_CMD, 0x8000FF42u);
 125              		.loc 1 179 0
 126 0068 244A     		ldr	r2, .L3+60
 127 006a 1A60     		str	r2, [r3]
 180:.\Generated_Source\PSoC4/cyfitter_cfg.c **** 	CY_SET_REG32((void *)CYREG_PERI_DIV_16_CTL0, 0x00001D00u);
 128              		.loc 1 180 0
 129 006c E821     		mov	r1, #232
 130 006e 4901     		lsl	r1, r1, #5
 131 0070 234A     		ldr	r2, .L3+64
 132 0072 1160     		str	r1, [r2]
 181:.\Generated_Source\PSoC4/cyfitter_cfg.c **** 	CY_SET_REG32((void *)CYREG_PERI_DIV_CMD, 0x8000FF40u);
 133              		.loc 1 181 0
 134 0074 234A     		ldr	r2, .L3+68
 135 0076 1A60     		str	r2, [r3]
 182:.\Generated_Source\PSoC4/cyfitter_cfg.c **** 	CY_SET_REG32((void *)CYREG_PERI_DIV_16_CTL1, 0x00002200u);
 136              		.loc 1 182 0
 137 0078 8821     		mov	r1, #136
 138 007a 8901     		lsl	r1, r1, #6
 139 007c 224A     		ldr	r2, .L3+72
 140 007e 1160     		str	r1, [r2]
 183:.\Generated_Source\PSoC4/cyfitter_cfg.c **** 	CY_SET_REG32((void *)CYREG_PERI_DIV_CMD, 0x8000FF41u);
 141              		.loc 1 183 0
 142 0080 224A     		ldr	r2, .L3+76
 143 0082 1A60     		str	r2, [r3]
 184:.\Generated_Source\PSoC4/cyfitter_cfg.c **** 
 185:.\Generated_Source\PSoC4/cyfitter_cfg.c **** 	/* CYDEV_CLK_IMO_CONFIG Starting address: CYDEV_CLK_IMO_CONFIG */
 186:.\Generated_Source\PSoC4/cyfitter_cfg.c **** 	CY_SET_XTND_REG32((void CYFAR *)(CYREG_CLK_IMO_CONFIG), 0x82000000u);
 144              		.loc 1 186 0
 145 0084 8222     		mov	r2, #130
 146 0086 1206     		lsl	r2, r2, #24
 147 0088 214B     		ldr	r3, .L3+80
 148 008a 1A60     		str	r2, [r3]
 187:.\Generated_Source\PSoC4/cyfitter_cfg.c **** 
 188:.\Generated_Source\PSoC4/cyfitter_cfg.c **** 	/* CYDEV_CLK_SELECT Starting address: CYDEV_CLK_SELECT */
 189:.\Generated_Source\PSoC4/cyfitter_cfg.c **** 	CY_SET_XTND_REG32((void CYFAR *)(CYREG_CLK_SELECT), 0x00040000u);
 149              		.loc 1 189 0
 150 008c 8022     		mov	r2, #128
 151 008e D202     		lsl	r2, r2, #11
 152 0090 204B     		ldr	r3, .L3+84
 153 0092 1A60     		str	r2, [r3]
ARM GAS  C:\Users\mlgjmoor\AppData\Local\Temp\ccfud7Jo.s 			page 7


 190:.\Generated_Source\PSoC4/cyfitter_cfg.c **** 
 191:.\Generated_Source\PSoC4/cyfitter_cfg.c **** 	/* CYDEV_PERI_PCLK_CTL7 Starting address: CYDEV_PERI_PCLK_CTL7 */
 192:.\Generated_Source\PSoC4/cyfitter_cfg.c **** 	CY_SET_XTND_REG32((void CYFAR *)(CYREG_PERI_PCLK_CTL7), 0x00000043u);
 154              		.loc 1 192 0
 155 0094 4322     		mov	r2, #67
 156 0096 204B     		ldr	r3, .L3+88
 157 0098 1A60     		str	r2, [r3]
 193:.\Generated_Source\PSoC4/cyfitter_cfg.c **** 
 194:.\Generated_Source\PSoC4/cyfitter_cfg.c **** 	/* CYDEV_PERI_PCLK_CTL6 Starting address: CYDEV_PERI_PCLK_CTL6 */
 195:.\Generated_Source\PSoC4/cyfitter_cfg.c **** 	CY_SET_XTND_REG32((void CYFAR *)(CYREG_PERI_PCLK_CTL6), 0x00000042u);
 158              		.loc 1 195 0
 159 009a 013A     		sub	r2, r2, #1
 160 009c 1F4B     		ldr	r3, .L3+92
 161 009e 1A60     		str	r2, [r3]
 196:.\Generated_Source\PSoC4/cyfitter_cfg.c **** 
 197:.\Generated_Source\PSoC4/cyfitter_cfg.c **** 	/* CYDEV_PERI_PCLK_CTL2 Starting address: CYDEV_PERI_PCLK_CTL2 */
 198:.\Generated_Source\PSoC4/cyfitter_cfg.c **** 	CY_SET_XTND_REG32((void CYFAR *)(CYREG_PERI_PCLK_CTL2), 0x00000040u);
 162              		.loc 1 198 0
 163 00a0 023A     		sub	r2, r2, #2
 164 00a2 1F4B     		ldr	r3, .L3+96
 165 00a4 1A60     		str	r2, [r3]
 199:.\Generated_Source\PSoC4/cyfitter_cfg.c **** 
 200:.\Generated_Source\PSoC4/cyfitter_cfg.c **** 	/* CYDEV_PERI_PCLK_CTL1 Starting address: CYDEV_PERI_PCLK_CTL1 */
 201:.\Generated_Source\PSoC4/cyfitter_cfg.c **** 	CY_SET_XTND_REG32((void CYFAR *)(CYREG_PERI_PCLK_CTL1), 0x00000041u);
 166              		.loc 1 201 0
 167 00a6 0132     		add	r2, r2, #1
 168 00a8 1E4B     		ldr	r3, .L3+100
 169 00aa 1A60     		str	r2, [r3]
 202:.\Generated_Source\PSoC4/cyfitter_cfg.c **** 
 203:.\Generated_Source\PSoC4/cyfitter_cfg.c **** 	(void)CyIntSetVector(8u, &CySysWdtIsr);
 170              		.loc 1 203 0
 171 00ac 0820     		mov	r0, #8
 172 00ae 1E49     		ldr	r1, .L3+104
 173 00b0 FFF7FEFF 		bl	CyIntSetVector
 174              	.LVL9:
 204:.\Generated_Source\PSoC4/cyfitter_cfg.c **** 	CyIntEnable(8u);
 175              		.loc 1 204 0
 176 00b4 0820     		mov	r0, #8
 177 00b6 FFF7FEFF 		bl	CyIntEnable
 178              	.LVL10:
 205:.\Generated_Source\PSoC4/cyfitter_cfg.c **** 	CY_SET_XTND_REG32((void CYFAR *)(CYREG_WDT_CONFIG), 0x40000000u);
 179              		.loc 1 205 0
 180 00ba 2560     		str	r5, [r4]
 206:.\Generated_Source\PSoC4/cyfitter_cfg.c **** }
 181              		.loc 1 206 0
 182              		@ sp needed
 183 00bc 38BD     		pop	{r3, r4, r5, pc}
 184              	.L4:
 185 00be C046     		.align	2
 186              	.L3:
 187 00c0 30001040 		.word	1074790448
 188 00c4 001BB700 		.word	12000000
 189 00c8 06000080 		.word	-2147483642
 190 00cc 04010B40 		.word	1074462980
 191 00d0 0C020B40 		.word	1074463244
 192 00d4 78002E40 		.word	1076756600
 193 00d8 2D3E0000 		.word	15917
ARM GAS  C:\Users\mlgjmoor\AppData\Local\Temp\ccfud7Jo.s 			page 8


 194 00dc 7C002E40 		.word	1076756604
 195 00e0 6CF02E40 		.word	1076818028
 196 00e4 DC050000 		.word	1500
 197 00e8 00ED0200 		.word	191744
 198 00ec 0C030140 		.word	1073808140
 199 00f0 00000140 		.word	1073807360
 200 00f4 43FF0080 		.word	-2147418301
 201 00f8 08030140 		.word	1073808136
 202 00fc 42FF0080 		.word	-2147418302
 203 0100 00030140 		.word	1073808128
 204 0104 40FF0080 		.word	-2147418304
 205 0108 04030140 		.word	1073808132
 206 010c 41FF0080 		.word	-2147418303
 207 0110 08010B40 		.word	1074462984
 208 0114 00010B40 		.word	1074462976
 209 0118 1C010140 		.word	1073807644
 210 011c 18010140 		.word	1073807640
 211 0120 08010140 		.word	1073807624
 212 0124 04010140 		.word	1073807620
 213 0128 00000000 		.word	CySysWdtIsr
 214              		.cfi_endproc
 215              	.LFE5:
 216              		.size	ClockSetup, .-ClockSetup
 217              		.section	.text.SetAnalogRoutingPumps,"ax",%progbits
 218              		.align	2
 219              		.global	SetAnalogRoutingPumps
 220              		.code	16
 221              		.thumb_func
 222              		.type	SetAnalogRoutingPumps, %function
 223              	SetAnalogRoutingPumps:
 224              	.LFB7:
 207:.\Generated_Source\PSoC4/cyfitter_cfg.c **** 
 208:.\Generated_Source\PSoC4/cyfitter_cfg.c **** 
 209:.\Generated_Source\PSoC4/cyfitter_cfg.c **** /* Analog API Functions */
 210:.\Generated_Source\PSoC4/cyfitter_cfg.c **** 
 211:.\Generated_Source\PSoC4/cyfitter_cfg.c **** 
 212:.\Generated_Source\PSoC4/cyfitter_cfg.c **** /*******************************************************************************
 213:.\Generated_Source\PSoC4/cyfitter_cfg.c **** * Function Name: AnalogSetDefault
 214:.\Generated_Source\PSoC4/cyfitter_cfg.c **** ********************************************************************************
 215:.\Generated_Source\PSoC4/cyfitter_cfg.c **** *
 216:.\Generated_Source\PSoC4/cyfitter_cfg.c **** * Summary:
 217:.\Generated_Source\PSoC4/cyfitter_cfg.c **** *  Sets up the analog portions of the chip to default values based on chip
 218:.\Generated_Source\PSoC4/cyfitter_cfg.c **** *  configuration options from the project.
 219:.\Generated_Source\PSoC4/cyfitter_cfg.c **** *
 220:.\Generated_Source\PSoC4/cyfitter_cfg.c **** * Parameters:
 221:.\Generated_Source\PSoC4/cyfitter_cfg.c **** *  void
 222:.\Generated_Source\PSoC4/cyfitter_cfg.c **** *
 223:.\Generated_Source\PSoC4/cyfitter_cfg.c **** * Return:
 224:.\Generated_Source\PSoC4/cyfitter_cfg.c **** *  void
 225:.\Generated_Source\PSoC4/cyfitter_cfg.c **** *
 226:.\Generated_Source\PSoC4/cyfitter_cfg.c **** *******************************************************************************/
 227:.\Generated_Source\PSoC4/cyfitter_cfg.c **** static void AnalogSetDefault(void);
 228:.\Generated_Source\PSoC4/cyfitter_cfg.c **** static void AnalogSetDefault(void)
 229:.\Generated_Source\PSoC4/cyfitter_cfg.c **** {
 230:.\Generated_Source\PSoC4/cyfitter_cfg.c **** 	CY_SET_XTND_REG32((void CYFAR *)CYREG_CTBM0_DFT_CTRL, 0x00000003u);
 231:.\Generated_Source\PSoC4/cyfitter_cfg.c **** 	CY_SET_XTND_REG32((void CYFAR *)CYREG_CTBM1_DFT_CTRL, 0x00000003u);
 232:.\Generated_Source\PSoC4/cyfitter_cfg.c **** 	CY_SET_XTND_REG32((void CYFAR *)CYREG_SAR_CTRL, 0x80000000u);
ARM GAS  C:\Users\mlgjmoor\AppData\Local\Temp\ccfud7Jo.s 			page 9


 233:.\Generated_Source\PSoC4/cyfitter_cfg.c **** 	CY_SET_XTND_REG32((void CYFAR *)CYREG_SAR_MUX_SWITCH0, 0x00030080u);
 234:.\Generated_Source\PSoC4/cyfitter_cfg.c **** 	CY_SET_XTND_REG32((void CYFAR *)CYREG_SAR_MUX_SWITCH_HW_CTRL, 0x00030080u);
 235:.\Generated_Source\PSoC4/cyfitter_cfg.c **** 	CY_SET_XTND_REG32((void CYFAR *)CYREG_PASS_DSAB_DSAB_CTRL, 0x00000000u);
 236:.\Generated_Source\PSoC4/cyfitter_cfg.c **** 	SetAnalogRoutingPumps(1);
 237:.\Generated_Source\PSoC4/cyfitter_cfg.c **** }
 238:.\Generated_Source\PSoC4/cyfitter_cfg.c **** 
 239:.\Generated_Source\PSoC4/cyfitter_cfg.c **** 
 240:.\Generated_Source\PSoC4/cyfitter_cfg.c **** /*******************************************************************************
 241:.\Generated_Source\PSoC4/cyfitter_cfg.c **** * Function Name: SetAnalogRoutingPumps
 242:.\Generated_Source\PSoC4/cyfitter_cfg.c **** ********************************************************************************
 243:.\Generated_Source\PSoC4/cyfitter_cfg.c **** *
 244:.\Generated_Source\PSoC4/cyfitter_cfg.c **** * Summary:
 245:.\Generated_Source\PSoC4/cyfitter_cfg.c **** * Enables or disables the analog pumps feeding analog routing switches.
 246:.\Generated_Source\PSoC4/cyfitter_cfg.c **** * Intended to be called at startup, based on the Vdda system configuration;
 247:.\Generated_Source\PSoC4/cyfitter_cfg.c **** * may be called during operation when the user informs us that the Vdda voltage crossed the pump th
 248:.\Generated_Source\PSoC4/cyfitter_cfg.c **** *
 249:.\Generated_Source\PSoC4/cyfitter_cfg.c **** * Parameters:
 250:.\Generated_Source\PSoC4/cyfitter_cfg.c **** *  enabled - 1 to enable the pumps, 0 to disable the pumps
 251:.\Generated_Source\PSoC4/cyfitter_cfg.c **** *
 252:.\Generated_Source\PSoC4/cyfitter_cfg.c **** * Return:
 253:.\Generated_Source\PSoC4/cyfitter_cfg.c **** *  void
 254:.\Generated_Source\PSoC4/cyfitter_cfg.c **** *
 255:.\Generated_Source\PSoC4/cyfitter_cfg.c **** *******************************************************************************/
 256:.\Generated_Source\PSoC4/cyfitter_cfg.c **** void SetAnalogRoutingPumps(uint8 enabled)
 257:.\Generated_Source\PSoC4/cyfitter_cfg.c **** {
 225              		.loc 1 257 0
 226              		.cfi_startproc
 227              	.LVL11:
 258:.\Generated_Source\PSoC4/cyfitter_cfg.c **** 	uint32 regValue = CY_GET_XTND_REG32((void *)(CYREG_SAR_PUMP_CTRL));
 228              		.loc 1 258 0
 229 0000 064B     		ldr	r3, .L8
 230 0002 1B68     		ldr	r3, [r3]
 231              	.LVL12:
 259:.\Generated_Source\PSoC4/cyfitter_cfg.c **** 	if (enabled != 0u)
 232              		.loc 1 259 0
 233 0004 0028     		cmp	r0, #0
 234 0006 03D0     		beq	.L6
 260:.\Generated_Source\PSoC4/cyfitter_cfg.c **** 	{
 261:.\Generated_Source\PSoC4/cyfitter_cfg.c **** 		regValue |= 0x80000000u;
 235              		.loc 1 261 0
 236 0008 8022     		mov	r2, #128
 237 000a 1206     		lsl	r2, r2, #24
 238 000c 1343     		orr	r3, r2
 239              	.LVL13:
 240 000e 01E0     		b	.L7
 241              	.L6:
 262:.\Generated_Source\PSoC4/cyfitter_cfg.c **** 	}
 263:.\Generated_Source\PSoC4/cyfitter_cfg.c **** 	else
 264:.\Generated_Source\PSoC4/cyfitter_cfg.c **** 	{
 265:.\Generated_Source\PSoC4/cyfitter_cfg.c **** 		regValue &= ~0x80000000u;
 242              		.loc 1 265 0
 243 0010 5B00     		lsl	r3, r3, #1
 244              	.LVL14:
 245 0012 5B08     		lsr	r3, r3, #1
 246              	.LVL15:
 247              	.L7:
 266:.\Generated_Source\PSoC4/cyfitter_cfg.c **** 	}
ARM GAS  C:\Users\mlgjmoor\AppData\Local\Temp\ccfud7Jo.s 			page 10


 267:.\Generated_Source\PSoC4/cyfitter_cfg.c **** 	CY_SET_XTND_REG32((void *)(CYREG_SAR_PUMP_CTRL), regValue);
 248              		.loc 1 267 0
 249 0014 014A     		ldr	r2, .L8
 250 0016 1360     		str	r3, [r2]
 268:.\Generated_Source\PSoC4/cyfitter_cfg.c **** }
 251              		.loc 1 268 0
 252              		@ sp needed
 253 0018 7047     		bx	lr
 254              	.L9:
 255 001a C046     		.align	2
 256              	.L8:
 257 001c 80033A40 		.word	1077543808
 258              		.cfi_endproc
 259              	.LFE7:
 260              		.size	SetAnalogRoutingPumps, .-SetAnalogRoutingPumps
 261              		.section	.text.AnalogSetDefault,"ax",%progbits
 262              		.align	2
 263              		.code	16
 264              		.thumb_func
 265              		.type	AnalogSetDefault, %function
 266              	AnalogSetDefault:
 267              	.LFB6:
 229:.\Generated_Source\PSoC4/cyfitter_cfg.c **** 	CY_SET_XTND_REG32((void CYFAR *)CYREG_CTBM0_DFT_CTRL, 0x00000003u);
 268              		.loc 1 229 0
 269              		.cfi_startproc
 270 0000 08B5     		push	{r3, lr}
 271              		.cfi_def_cfa_offset 8
 272              		.cfi_offset 3, -8
 273              		.cfi_offset 14, -4
 230:.\Generated_Source\PSoC4/cyfitter_cfg.c **** 	CY_SET_XTND_REG32((void CYFAR *)CYREG_CTBM1_DFT_CTRL, 0x00000003u);
 274              		.loc 1 230 0
 275 0002 0323     		mov	r3, #3
 276 0004 094A     		ldr	r2, .L11
 277 0006 1360     		str	r3, [r2]
 231:.\Generated_Source\PSoC4/cyfitter_cfg.c **** 	CY_SET_XTND_REG32((void CYFAR *)CYREG_SAR_CTRL, 0x80000000u);
 278              		.loc 1 231 0
 279 0008 094A     		ldr	r2, .L11+4
 280 000a 1360     		str	r3, [r2]
 232:.\Generated_Source\PSoC4/cyfitter_cfg.c **** 	CY_SET_XTND_REG32((void CYFAR *)CYREG_SAR_MUX_SWITCH0, 0x00030080u);
 281              		.loc 1 232 0
 282 000c 8022     		mov	r2, #128
 283 000e 1206     		lsl	r2, r2, #24
 284 0010 084B     		ldr	r3, .L11+8
 285 0012 1A60     		str	r2, [r3]
 233:.\Generated_Source\PSoC4/cyfitter_cfg.c **** 	CY_SET_XTND_REG32((void CYFAR *)CYREG_SAR_MUX_SWITCH_HW_CTRL, 0x00030080u);
 286              		.loc 1 233 0
 287 0014 084B     		ldr	r3, .L11+12
 288 0016 094A     		ldr	r2, .L11+16
 289 0018 1360     		str	r3, [r2]
 234:.\Generated_Source\PSoC4/cyfitter_cfg.c **** 	CY_SET_XTND_REG32((void CYFAR *)CYREG_PASS_DSAB_DSAB_CTRL, 0x00000000u);
 290              		.loc 1 234 0
 291 001a 094A     		ldr	r2, .L11+20
 292 001c 1360     		str	r3, [r2]
 235:.\Generated_Source\PSoC4/cyfitter_cfg.c **** 	SetAnalogRoutingPumps(1);
 293              		.loc 1 235 0
 294 001e 0022     		mov	r2, #0
 295 0020 084B     		ldr	r3, .L11+24
ARM GAS  C:\Users\mlgjmoor\AppData\Local\Temp\ccfud7Jo.s 			page 11


 296 0022 1A60     		str	r2, [r3]
 236:.\Generated_Source\PSoC4/cyfitter_cfg.c **** }
 297              		.loc 1 236 0
 298 0024 0120     		mov	r0, #1
 299 0026 FFF7FEFF 		bl	SetAnalogRoutingPumps
 300              	.LVL16:
 237:.\Generated_Source\PSoC4/cyfitter_cfg.c **** 
 301              		.loc 1 237 0
 302              		@ sp needed
 303 002a 08BD     		pop	{r3, pc}
 304              	.L12:
 305              		.align	2
 306              	.L11:
 307 002c 30003040 		.word	1076887600
 308 0030 30003140 		.word	1076953136
 309 0034 00003A40 		.word	1077542912
 310 0038 80000300 		.word	196736
 311 003c 00033A40 		.word	1077543680
 312 0040 40033A40 		.word	1077543744
 313 0044 000E3F40 		.word	1077874176
 314              		.cfi_endproc
 315              	.LFE6:
 316              		.size	AnalogSetDefault, .-AnalogSetDefault
 317              		.section	.psocinit
 318              		.align	2
 319              		.global	cyfitter_cfg
 320              		.code	16
 321              		.thumb_func
 322              		.type	cyfitter_cfg, %function
 323              	cyfitter_cfg:
 324              	.LFB8:
 269:.\Generated_Source\PSoC4/cyfitter_cfg.c **** 
 270:.\Generated_Source\PSoC4/cyfitter_cfg.c **** #define CY_AMUX_UNUSED CYREG_CM0_ROM_DWT
 271:.\Generated_Source\PSoC4/cyfitter_cfg.c **** 
 272:.\Generated_Source\PSoC4/cyfitter_cfg.c **** 
 273:.\Generated_Source\PSoC4/cyfitter_cfg.c **** /*******************************************************************************
 274:.\Generated_Source\PSoC4/cyfitter_cfg.c **** * Function Name: cyfitter_cfg
 275:.\Generated_Source\PSoC4/cyfitter_cfg.c **** ********************************************************************************
 276:.\Generated_Source\PSoC4/cyfitter_cfg.c **** * Summary:
 277:.\Generated_Source\PSoC4/cyfitter_cfg.c **** *  This function is called by the start-up code for the selected device. It
 278:.\Generated_Source\PSoC4/cyfitter_cfg.c **** *  performs all of the necessary device configuration based on the design
 279:.\Generated_Source\PSoC4/cyfitter_cfg.c **** *  settings.  This includes settings from the Design Wide Resources (DWR) such
 280:.\Generated_Source\PSoC4/cyfitter_cfg.c **** *  as Clocks and Pins as well as any component configuration that is necessary.
 281:.\Generated_Source\PSoC4/cyfitter_cfg.c **** *
 282:.\Generated_Source\PSoC4/cyfitter_cfg.c **** * Parameters:  
 283:.\Generated_Source\PSoC4/cyfitter_cfg.c **** *   void
 284:.\Generated_Source\PSoC4/cyfitter_cfg.c **** *
 285:.\Generated_Source\PSoC4/cyfitter_cfg.c **** * Return:
 286:.\Generated_Source\PSoC4/cyfitter_cfg.c **** *   void
 287:.\Generated_Source\PSoC4/cyfitter_cfg.c **** *
 288:.\Generated_Source\PSoC4/cyfitter_cfg.c **** *******************************************************************************/
 289:.\Generated_Source\PSoC4/cyfitter_cfg.c **** CY_CFG_SECTION
 290:.\Generated_Source\PSoC4/cyfitter_cfg.c **** void cyfitter_cfg(void)
 291:.\Generated_Source\PSoC4/cyfitter_cfg.c **** {
 325              		.loc 1 291 0
 326              		.cfi_startproc
 327 012c 10B5     		push	{r4, lr}
ARM GAS  C:\Users\mlgjmoor\AppData\Local\Temp\ccfud7Jo.s 			page 12


 328              		.cfi_def_cfa_offset 8
 329              		.cfi_offset 4, -8
 330              		.cfi_offset 14, -4
 292:.\Generated_Source\PSoC4/cyfitter_cfg.c **** 	/* Disable interrupts by default. Let user enable if/when they want. */
 293:.\Generated_Source\PSoC4/cyfitter_cfg.c **** 	CyGlobalIntDisable;
 331              		.loc 1 293 0
 332              	@ 293 ".\Generated_Source\PSoC4\cyfitter_cfg.c" 1
 333 012e 72B6     		CPSID   i
 334              	@ 0 "" 2
 294:.\Generated_Source\PSoC4/cyfitter_cfg.c **** 
 295:.\Generated_Source\PSoC4/cyfitter_cfg.c **** 	CY_SET_XTND_REG32((void CYFAR *)(CYREG_BLE_BLESS_LL_DSM_CTRL), 0x00000000u);
 335              		.loc 1 295 0
 336              		.code	16
 337 0130 0022     		mov	r2, #0
 338 0132 264B     		ldr	r3, .L16
 339 0134 1A60     		str	r2, [r3]
 340              	.LVL17:
 341              	.LBB2:
 296:.\Generated_Source\PSoC4/cyfitter_cfg.c **** 
 297:.\Generated_Source\PSoC4/cyfitter_cfg.c **** 	{
 298:.\Generated_Source\PSoC4/cyfitter_cfg.c **** 
 299:.\Generated_Source\PSoC4/cyfitter_cfg.c **** 		CYPACKED typedef struct {
 300:.\Generated_Source\PSoC4/cyfitter_cfg.c **** 			void CYFAR *address;
 301:.\Generated_Source\PSoC4/cyfitter_cfg.c **** 			uint16 size;
 302:.\Generated_Source\PSoC4/cyfitter_cfg.c **** 		} CYPACKED_ATTR cfg_memset_t;
 303:.\Generated_Source\PSoC4/cyfitter_cfg.c **** 
 304:.\Generated_Source\PSoC4/cyfitter_cfg.c **** 		static const cfg_memset_t CYCODE cfg_memset_list [] = {
 305:.\Generated_Source\PSoC4/cyfitter_cfg.c **** 			/* address, size */
 306:.\Generated_Source\PSoC4/cyfitter_cfg.c **** 			{(void CYFAR *)(CYDEV_UDB_P0_U0_BASE), 1024u},
 307:.\Generated_Source\PSoC4/cyfitter_cfg.c **** 			{(void CYFAR *)(CYDEV_UDB_DSI0_BASE), 1024u},
 308:.\Generated_Source\PSoC4/cyfitter_cfg.c **** 		};
 309:.\Generated_Source\PSoC4/cyfitter_cfg.c **** 
 310:.\Generated_Source\PSoC4/cyfitter_cfg.c **** 		uint8 CYDATA i;
 311:.\Generated_Source\PSoC4/cyfitter_cfg.c **** 
 312:.\Generated_Source\PSoC4/cyfitter_cfg.c **** 		/* Zero out critical memory blocks before beginning configuration */
 313:.\Generated_Source\PSoC4/cyfitter_cfg.c **** 		for (i = 0u; i < (sizeof(cfg_memset_list)/sizeof(cfg_memset_list[0])); i++)
 342              		.loc 1 313 0
 343 0136 0024     		mov	r4, #0
 344 0138 10E0     		b	.L14
 345              	.LVL18:
 346              	.L15:
 347              	.LBB3:
 314:.\Generated_Source\PSoC4/cyfitter_cfg.c **** 		{
 315:.\Generated_Source\PSoC4/cyfitter_cfg.c **** 			const cfg_memset_t CYCODE * CYDATA ms = &cfg_memset_list[i];
 316:.\Generated_Source\PSoC4/cyfitter_cfg.c **** 			CYMEMZERO(ms->address, (size_t)(uint32)(ms->size));
 348              		.loc 1 316 0 discriminator 3
 349 013a 2548     		ldr	r0, .L16+4
 350 013c 6300     		lsl	r3, r4, #1
 351 013e 1A19     		add	r2, r3, r4
 352 0140 5200     		lsl	r2, r2, #1
 353 0142 8218     		add	r2, r0, r2
 354 0144 9188     		ldrh	r1, [r2, #4]
 355 0146 1B19     		add	r3, r3, r4
 356 0148 5B00     		lsl	r3, r3, #1
 357 014a 1A5A     		ldrh	r2, [r3, r0]
 358 014c C318     		add	r3, r0, r3
 359 014e 5888     		ldrh	r0, [r3, #2]
ARM GAS  C:\Users\mlgjmoor\AppData\Local\Temp\ccfud7Jo.s 			page 13


 360 0150 0004     		lsl	r0, r0, #16
 361 0152 1043     		orr	r0, r2
 362 0154 FFF7FEFF 		bl	CYMEMZERO
 363              	.LVL19:
 364              	.LBE3:
 313:.\Generated_Source\PSoC4/cyfitter_cfg.c **** 		{
 365              		.loc 1 313 0 discriminator 3
 366 0158 0134     		add	r4, r4, #1
 367              	.LVL20:
 368 015a E4B2     		uxtb	r4, r4
 369              	.LVL21:
 370              	.L14:
 313:.\Generated_Source\PSoC4/cyfitter_cfg.c **** 		{
 371              		.loc 1 313 0 is_stmt 0 discriminator 1
 372 015c 012C     		cmp	r4, #1
 373 015e ECD9     		bls	.L15
 317:.\Generated_Source\PSoC4/cyfitter_cfg.c **** 		}
 318:.\Generated_Source\PSoC4/cyfitter_cfg.c **** 
 319:.\Generated_Source\PSoC4/cyfitter_cfg.c **** 		/* HSIOM Starting address: CYDEV_HSIOM_BASE */
 320:.\Generated_Source\PSoC4/cyfitter_cfg.c **** 		CY_SET_XTND_REG32((void CYFAR *)(CYDEV_HSIOM_BASE), 0xEE0000EEu);
 374              		.loc 1 320 0 is_stmt 1
 375 0160 1C4A     		ldr	r2, .L16+8
 376 0162 1D4B     		ldr	r3, .L16+12
 377 0164 1A60     		str	r2, [r3]
 321:.\Generated_Source\PSoC4/cyfitter_cfg.c **** 		CY_SET_XTND_REG32((void CYFAR *)(CYREG_HSIOM_PORT_SEL1), 0x00990000u);
 378              		.loc 1 321 0
 379 0166 9923     		mov	r3, #153
 380 0168 1B04     		lsl	r3, r3, #16
 381 016a 1C4A     		ldr	r2, .L16+16
 382 016c 1360     		str	r3, [r2]
 322:.\Generated_Source\PSoC4/cyfitter_cfg.c **** 
 323:.\Generated_Source\PSoC4/cyfitter_cfg.c **** 		/* UDB_PA_0 Starting address: CYDEV_UDB_PA0_BASE */
 324:.\Generated_Source\PSoC4/cyfitter_cfg.c **** 		CY_SET_XTND_REG32((void CYFAR *)(CYDEV_UDB_PA0_BASE), 0x00990000u);
 383              		.loc 1 324 0
 384 016e 1C4A     		ldr	r2, .L16+20
 385 0170 1360     		str	r3, [r2]
 325:.\Generated_Source\PSoC4/cyfitter_cfg.c **** 
 326:.\Generated_Source\PSoC4/cyfitter_cfg.c **** 		/* UDB_PA_1 Starting address: CYDEV_UDB_PA1_BASE */
 327:.\Generated_Source\PSoC4/cyfitter_cfg.c **** 		CY_SET_XTND_REG32((void CYFAR *)(CYDEV_UDB_PA1_BASE), 0x00990000u);
 386              		.loc 1 327 0
 387 0172 1C4A     		ldr	r2, .L16+24
 388 0174 1360     		str	r3, [r2]
 328:.\Generated_Source\PSoC4/cyfitter_cfg.c **** 
 329:.\Generated_Source\PSoC4/cyfitter_cfg.c **** 		/* UDB_PA_3 Starting address: CYDEV_UDB_PA3_BASE */
 330:.\Generated_Source\PSoC4/cyfitter_cfg.c **** 		CY_SET_XTND_REG32((void CYFAR *)(CYDEV_UDB_PA3_BASE), 0x00990000u);
 389              		.loc 1 330 0
 390 0176 1C4A     		ldr	r2, .L16+28
 391 0178 1360     		str	r3, [r2]
 331:.\Generated_Source\PSoC4/cyfitter_cfg.c **** 
 332:.\Generated_Source\PSoC4/cyfitter_cfg.c **** 		/* Enable digital routing */
 333:.\Generated_Source\PSoC4/cyfitter_cfg.c **** 		CY_SET_XTND_REG8((void *)CYREG_UDB_UDBIF_BANK_CTL, CY_GET_XTND_REG8((void *)CYREG_UDB_UDBIF_BANK_
 392              		.loc 1 333 0
 393 017a 1C4B     		ldr	r3, .L16+32
 394 017c 1978     		ldrb	r1, [r3]
 395 017e 0222     		mov	r2, #2
 396 0180 0A43     		orr	r2, r1
 397 0182 1A70     		strb	r2, [r3]
ARM GAS  C:\Users\mlgjmoor\AppData\Local\Temp\ccfud7Jo.s 			page 14


 334:.\Generated_Source\PSoC4/cyfitter_cfg.c **** 
 335:.\Generated_Source\PSoC4/cyfitter_cfg.c **** 		/* Enable UDB array */
 336:.\Generated_Source\PSoC4/cyfitter_cfg.c **** 		CY_SET_XTND_REG8((void *)CYREG_UDB_UDBIF_WAIT_CFG, (uint8)((CY_GET_XTND_REG8((void *)CYREG_UDB_UD
 398              		.loc 1 336 0
 399 0184 1A48     		ldr	r0, .L16+36
 400 0186 0278     		ldrb	r2, [r0]
 401 0188 3C21     		mov	r1, #60
 402 018a 8A43     		bic	r2, r1
 403 018c 2839     		sub	r1, r1, #40
 404 018e 0A43     		orr	r2, r1
 405 0190 0270     		strb	r2, [r0]
 337:.\Generated_Source\PSoC4/cyfitter_cfg.c **** 		CY_SET_XTND_REG8((void *)CYREG_UDB_UDBIF_BANK_CTL, (uint8)(CY_GET_XTND_REG8((void *)CYREG_UDB_UDB
 406              		.loc 1 337 0
 407 0192 1978     		ldrb	r1, [r3]
 408 0194 1622     		mov	r2, #22
 409 0196 0A43     		orr	r2, r1
 410 0198 1A70     		strb	r2, [r3]
 411              	.LBE2:
 338:.\Generated_Source\PSoC4/cyfitter_cfg.c **** 	}
 339:.\Generated_Source\PSoC4/cyfitter_cfg.c **** 
 340:.\Generated_Source\PSoC4/cyfitter_cfg.c **** 	/* Perform second pass device configuration. These items must be configured in specific order afte
 341:.\Generated_Source\PSoC4/cyfitter_cfg.c **** 	/* IOPINS0_0 Starting address: CYDEV_GPIO_PRT0_BASE */
 342:.\Generated_Source\PSoC4/cyfitter_cfg.c **** 	CY_SET_XTND_REG32((void CYFAR *)(CYDEV_GPIO_PRT0_BASE), 0x00000003u);
 412              		.loc 1 342 0
 413 019a 0322     		mov	r2, #3
 414 019c 154B     		ldr	r3, .L16+40
 415 019e 1A60     		str	r2, [r3]
 343:.\Generated_Source\PSoC4/cyfitter_cfg.c **** 	CY_SET_XTND_REG32((void CYFAR *)(CYREG_GPIO_PRT0_PC), 0x00DA4924u);
 416              		.loc 1 343 0
 417 01a0 154A     		ldr	r2, .L16+44
 418 01a2 164B     		ldr	r3, .L16+48
 419 01a4 1A60     		str	r2, [r3]
 344:.\Generated_Source\PSoC4/cyfitter_cfg.c **** 
 345:.\Generated_Source\PSoC4/cyfitter_cfg.c **** 	/* IOPINS0_1 Starting address: CYDEV_GPIO_PRT1_BASE */
 346:.\Generated_Source\PSoC4/cyfitter_cfg.c **** 	CY_SET_XTND_REG32((void CYFAR *)(CYDEV_GPIO_PRT1_BASE), 0x00000020u);
 420              		.loc 1 346 0
 421 01a6 2023     		mov	r3, #32
 422 01a8 154A     		ldr	r2, .L16+52
 423 01aa 1360     		str	r3, [r2]
 347:.\Generated_Source\PSoC4/cyfitter_cfg.c **** 	CY_SET_XTND_REG32((void CYFAR *)(CYREG_GPIO_PRT1_PC), 0x00031004u);
 424              		.loc 1 347 0
 425 01ac 1549     		ldr	r1, .L16+56
 426 01ae 164A     		ldr	r2, .L16+60
 427 01b0 1160     		str	r1, [r2]
 348:.\Generated_Source\PSoC4/cyfitter_cfg.c **** 	CY_SET_XTND_REG32((void CYFAR *)(CYREG_GPIO_PRT1_PC2), 0x00000020u);
 428              		.loc 1 348 0
 429 01b2 164A     		ldr	r2, .L16+64
 430 01b4 1360     		str	r3, [r2]
 349:.\Generated_Source\PSoC4/cyfitter_cfg.c **** 
 350:.\Generated_Source\PSoC4/cyfitter_cfg.c **** 	/* IOPINS0_3 Starting address: CYDEV_GPIO_PRT3_BASE */
 351:.\Generated_Source\PSoC4/cyfitter_cfg.c **** 	CY_SET_XTND_REG32((void CYFAR *)(CYDEV_GPIO_PRT3_BASE), 0x00000080u);
 431              		.loc 1 351 0
 432 01b6 6033     		add	r3, r3, #96
 433 01b8 154A     		ldr	r2, .L16+68
 434 01ba 1360     		str	r3, [r2]
 352:.\Generated_Source\PSoC4/cyfitter_cfg.c **** 	CY_SET_XTND_REG32((void CYFAR *)(CYREG_GPIO_PRT3_PC2), 0x00000080u);
 435              		.loc 1 352 0
ARM GAS  C:\Users\mlgjmoor\AppData\Local\Temp\ccfud7Jo.s 			page 15


 436 01bc 154A     		ldr	r2, .L16+72
 437 01be 1360     		str	r3, [r2]
 353:.\Generated_Source\PSoC4/cyfitter_cfg.c **** 
 354:.\Generated_Source\PSoC4/cyfitter_cfg.c **** 
 355:.\Generated_Source\PSoC4/cyfitter_cfg.c **** 	/* Setup clocks based on selections from Clock DWR */
 356:.\Generated_Source\PSoC4/cyfitter_cfg.c **** 	ClockSetup();
 438              		.loc 1 356 0
 439 01c0 FFF71EFF 		bl	ClockSetup
 440              	.LVL22:
 357:.\Generated_Source\PSoC4/cyfitter_cfg.c **** 
 358:.\Generated_Source\PSoC4/cyfitter_cfg.c **** 	/* Perform basic analog initialization to defaults */
 359:.\Generated_Source\PSoC4/cyfitter_cfg.c **** 	AnalogSetDefault();
 441              		.loc 1 359 0
 442 01c4 FFF7FEFF 		bl	AnalogSetDefault
 443              	.LVL23:
 360:.\Generated_Source\PSoC4/cyfitter_cfg.c **** 
 361:.\Generated_Source\PSoC4/cyfitter_cfg.c **** }
 444              		.loc 1 361 0
 445              		@ sp needed
 446              	.LVL24:
 447 01c8 10BD     		pop	{r4, pc}
 448              	.L17:
 449 01ca C046     		.align	2
 450              	.L16:
 451 01cc 6CF02E40 		.word	1076818028
 452 01d0 00000000 		.word	.LANCHOR0
 453 01d4 EE0000EE 		.word	-301989650
 454 01d8 00000240 		.word	1073872896
 455 01dc 00010240 		.word	1073873152
 456 01e0 00500F40 		.word	1074745344
 457 01e4 10500F40 		.word	1074745360
 458 01e8 30500F40 		.word	1074745392
 459 01ec 00700F40 		.word	1074753536
 460 01f0 01700F40 		.word	1074753537
 461 01f4 00000440 		.word	1074003968
 462 01f8 2449DA00 		.word	14305572
 463 01fc 08000440 		.word	1074003976
 464 0200 00010440 		.word	1074004224
 465 0204 04100300 		.word	200708
 466 0208 08010440 		.word	1074004232
 467 020c 18010440 		.word	1074004248
 468 0210 00030440 		.word	1074004736
 469 0214 18030440 		.word	1074004760
 470              		.cfi_endproc
 471              	.LFE8:
 472              		.size	cyfitter_cfg, .-cyfitter_cfg
 473              		.section	.rodata
 474              		.align	2
 475              		.set	.LANCHOR0,. + 0
 476              		.type	cfg_memset_list.4773, %object
 477              		.size	cfg_memset_list.4773, 12
 478              	cfg_memset_list.4773:
 479 0000 00300F40 		.word	1074737152
 480 0004 0004     		.short	1024
 481 0006 00400F40 		.4byte	1074741248
 482 000a 0004     		.short	1024
 483              		.text
ARM GAS  C:\Users\mlgjmoor\AppData\Local\Temp\ccfud7Jo.s 			page 16


 484              	.Letext0:
 485              		.file 2 "c:\\program files (x86)\\cypress\\psoc creator\\3.3\\psoc creator\\import\\gnu\\arm\\4.9.
 486              		.file 3 ".\\Generated_Source\\PSoC4\\cytypes.h"
 487              		.file 4 ".\\Generated_Source\\PSoC4\\CyLib.h"
 488              		.file 5 ".\\Generated_Source\\PSoC4\\CyLFClk.h"
 489              		.section	.debug_info,"",%progbits
 490              	.Ldebug_info0:
 491 0000 B7030000 		.4byte	0x3b7
 492 0004 0400     		.2byte	0x4
 493 0006 00000000 		.4byte	.Ldebug_abbrev0
 494 000a 04       		.byte	0x4
 495 000b 01       		.uleb128 0x1
 496 000c CB010000 		.4byte	.LASF39
 497 0010 01       		.byte	0x1
 498 0011 6C010000 		.4byte	.LASF40
 499 0015 59020000 		.4byte	.LASF41
 500 0019 00000000 		.4byte	.Ldebug_ranges0+0
 501 001d 00000000 		.4byte	0
 502 0021 00000000 		.4byte	.Ldebug_line0
 503 0025 02       		.uleb128 0x2
 504 0026 04       		.byte	0x4
 505 0027 05       		.byte	0x5
 506 0028 696E7400 		.ascii	"int\000"
 507 002c 03       		.uleb128 0x3
 508 002d 14000000 		.4byte	.LASF11
 509 0031 02       		.byte	0x2
 510 0032 D4       		.byte	0xd4
 511 0033 37000000 		.4byte	0x37
 512 0037 04       		.uleb128 0x4
 513 0038 04       		.byte	0x4
 514 0039 07       		.byte	0x7
 515 003a 19010000 		.4byte	.LASF0
 516 003e 04       		.uleb128 0x4
 517 003f 01       		.byte	0x1
 518 0040 06       		.byte	0x6
 519 0041 C6020000 		.4byte	.LASF1
 520 0045 04       		.uleb128 0x4
 521 0046 01       		.byte	0x1
 522 0047 08       		.byte	0x8
 523 0048 DA000000 		.4byte	.LASF2
 524 004c 04       		.uleb128 0x4
 525 004d 02       		.byte	0x2
 526 004e 05       		.byte	0x5
 527 004f 9E020000 		.4byte	.LASF3
 528 0053 04       		.uleb128 0x4
 529 0054 02       		.byte	0x2
 530 0055 07       		.byte	0x7
 531 0056 56000000 		.4byte	.LASF4
 532 005a 04       		.uleb128 0x4
 533 005b 04       		.byte	0x4
 534 005c 05       		.byte	0x5
 535 005d BD020000 		.4byte	.LASF5
 536 0061 04       		.uleb128 0x4
 537 0062 04       		.byte	0x4
 538 0063 07       		.byte	0x7
 539 0064 91000000 		.4byte	.LASF6
 540 0068 04       		.uleb128 0x4
ARM GAS  C:\Users\mlgjmoor\AppData\Local\Temp\ccfud7Jo.s 			page 17


 541 0069 08       		.byte	0x8
 542 006a 05       		.byte	0x5
 543 006b 9D010000 		.4byte	.LASF7
 544 006f 04       		.uleb128 0x4
 545 0070 08       		.byte	0x8
 546 0071 07       		.byte	0x7
 547 0072 3B010000 		.4byte	.LASF8
 548 0076 04       		.uleb128 0x4
 549 0077 04       		.byte	0x4
 550 0078 07       		.byte	0x7
 551 0079 94010000 		.4byte	.LASF9
 552 007d 05       		.uleb128 0x5
 553 007e 04       		.byte	0x4
 554 007f 06       		.uleb128 0x6
 555 0080 04       		.byte	0x4
 556 0081 85000000 		.4byte	0x85
 557 0085 07       		.uleb128 0x7
 558 0086 04       		.uleb128 0x4
 559 0087 01       		.byte	0x1
 560 0088 08       		.byte	0x8
 561 0089 B5010000 		.4byte	.LASF10
 562 008d 08       		.uleb128 0x8
 563 008e A3000000 		.4byte	.LASF12
 564 0092 03       		.byte	0x3
 565 0093 9801     		.2byte	0x198
 566 0095 45000000 		.4byte	0x45
 567 0099 08       		.uleb128 0x8
 568 009a 02010000 		.4byte	.LASF13
 569 009e 03       		.byte	0x3
 570 009f 9901     		.2byte	0x199
 571 00a1 53000000 		.4byte	0x53
 572 00a5 08       		.uleb128 0x8
 573 00a6 12010000 		.4byte	.LASF14
 574 00aa 03       		.byte	0x3
 575 00ab 9A01     		.2byte	0x19a
 576 00ad 61000000 		.4byte	0x61
 577 00b1 04       		.uleb128 0x4
 578 00b2 04       		.byte	0x4
 579 00b3 04       		.byte	0x4
 580 00b4 69000000 		.4byte	.LASF15
 581 00b8 04       		.uleb128 0x4
 582 00b9 08       		.byte	0x8
 583 00ba 04       		.byte	0x4
 584 00bb EF000000 		.4byte	.LASF16
 585 00bf 08       		.uleb128 0x8
 586 00c0 09010000 		.4byte	.LASF17
 587 00c4 03       		.byte	0x3
 588 00c5 3A02     		.2byte	0x23a
 589 00c7 61000000 		.4byte	0x61
 590 00cb 08       		.uleb128 0x8
 591 00cc 8C000000 		.4byte	.LASF18
 592 00d0 03       		.byte	0x3
 593 00d1 4202     		.2byte	0x242
 594 00d3 D7000000 		.4byte	0xd7
 595 00d7 09       		.uleb128 0x9
 596 00d8 8D000000 		.4byte	0x8d
 597 00dc 08       		.uleb128 0x8
ARM GAS  C:\Users\mlgjmoor\AppData\Local\Temp\ccfud7Jo.s 			page 18


 598 00dd 0E000000 		.4byte	.LASF19
 599 00e1 03       		.byte	0x3
 600 00e2 4402     		.2byte	0x244
 601 00e4 E8000000 		.4byte	0xe8
 602 00e8 09       		.uleb128 0x9
 603 00e9 A5000000 		.4byte	0xa5
 604 00ed 08       		.uleb128 0x8
 605 00ee 52010000 		.4byte	.LASF20
 606 00f2 03       		.byte	0x3
 607 00f3 5402     		.2byte	0x254
 608 00f5 7F000000 		.4byte	0x7f
 609 00f9 0A       		.uleb128 0xa
 610 00fa BA000000 		.4byte	.LASF21
 611 00fe 01       		.byte	0x1
 612 00ff 3D       		.byte	0x3d
 613 0100 00000000 		.4byte	.LFB2
 614 0104 0C000000 		.4byte	.LFE2-.LFB2
 615 0108 01       		.uleb128 0x1
 616 0109 9C       		.byte	0x9c
 617 010a 46010000 		.4byte	0x146
 618 010e 0B       		.uleb128 0xb
 619 010f 7300     		.ascii	"s\000"
 620 0111 01       		.byte	0x1
 621 0112 3D       		.byte	0x3d
 622 0113 7D000000 		.4byte	0x7d
 623 0117 00000000 		.4byte	.LLST0
 624 011b 0B       		.uleb128 0xb
 625 011c 6E00     		.ascii	"n\000"
 626 011e 01       		.byte	0x1
 627 011f 3D       		.byte	0x3d
 628 0120 2C000000 		.4byte	0x2c
 629 0124 21000000 		.4byte	.LLST1
 630 0128 0C       		.uleb128 0xc
 631 0129 0A000000 		.4byte	.LVL2
 632 012d 12030000 		.4byte	0x312
 633 0131 0D       		.uleb128 0xd
 634 0132 01       		.uleb128 0x1
 635 0133 52       		.byte	0x52
 636 0134 03       		.uleb128 0x3
 637 0135 F3       		.byte	0xf3
 638 0136 01       		.uleb128 0x1
 639 0137 51       		.byte	0x51
 640 0138 0D       		.uleb128 0xd
 641 0139 01       		.uleb128 0x1
 642 013a 51       		.byte	0x51
 643 013b 01       		.uleb128 0x1
 644 013c 30       		.byte	0x30
 645 013d 0D       		.uleb128 0xd
 646 013e 01       		.uleb128 0x1
 647 013f 50       		.byte	0x50
 648 0140 03       		.uleb128 0x3
 649 0141 F3       		.byte	0xf3
 650 0142 01       		.uleb128 0x1
 651 0143 50       		.byte	0x50
 652 0144 00       		.byte	0
 653 0145 00       		.byte	0
 654 0146 0A       		.uleb128 0xa
ARM GAS  C:\Users\mlgjmoor\AppData\Local\Temp\ccfud7Jo.s 			page 19


 655 0147 4B000000 		.4byte	.LASF22
 656 014b 01       		.byte	0x1
 657 014c 92       		.byte	0x92
 658 014d 00000000 		.4byte	.LFB5
 659 0151 2C010000 		.4byte	.LFE5-.LFB5
 660 0155 01       		.uleb128 0x1
 661 0156 9C       		.byte	0x9c
 662 0157 EF010000 		.4byte	0x1ef
 663 015b 0E       		.uleb128 0xe
 664 015c 0C000000 		.4byte	.LVL3
 665 0160 2F030000 		.4byte	0x32f
 666 0164 0F       		.uleb128 0xf
 667 0165 12000000 		.4byte	.LVL4
 668 0169 36030000 		.4byte	0x336
 669 016d 7B010000 		.4byte	0x17b
 670 0171 0D       		.uleb128 0xd
 671 0172 01       		.uleb128 0x1
 672 0173 50       		.byte	0x50
 673 0174 05       		.uleb128 0x5
 674 0175 0C       		.byte	0xc
 675 0176 001BB700 		.4byte	0xb71b00
 676 017a 00       		.byte	0
 677 017b 0F       		.uleb128 0xf
 678 017c 18000000 		.4byte	.LVL5
 679 0180 47030000 		.4byte	0x347
 680 0184 8E010000 		.4byte	0x18e
 681 0188 0D       		.uleb128 0xd
 682 0189 01       		.uleb128 0x1
 683 018a 50       		.byte	0x50
 684 018b 01       		.uleb128 0x1
 685 018c 31       		.byte	0x31
 686 018d 00       		.byte	0
 687 018e 0F       		.uleb128 0xf
 688 018f 1E000000 		.4byte	.LVL6
 689 0193 5C030000 		.4byte	0x35c
 690 0197 A2010000 		.4byte	0x1a2
 691 019b 0D       		.uleb128 0xd
 692 019c 01       		.uleb128 0x1
 693 019d 50       		.byte	0x50
 694 019e 02       		.uleb128 0x2
 695 019f 08       		.byte	0x8
 696 01a0 30       		.byte	0x30
 697 01a1 00       		.byte	0
 698 01a2 0F       		.uleb128 0xf
 699 01a3 4E000000 		.4byte	.LVL7
 700 01a7 6D030000 		.4byte	0x36d
 701 01ab B7010000 		.4byte	0x1b7
 702 01af 0D       		.uleb128 0xd
 703 01b0 01       		.uleb128 0x1
 704 01b1 50       		.byte	0x50
 705 01b2 03       		.uleb128 0x3
 706 01b3 0A       		.byte	0xa
 707 01b4 D007     		.2byte	0x7d0
 708 01b6 00       		.byte	0
 709 01b7 0F       		.uleb128 0xf
 710 01b8 54000000 		.4byte	.LVL8
 711 01bc 82030000 		.4byte	0x382
ARM GAS  C:\Users\mlgjmoor\AppData\Local\Temp\ccfud7Jo.s 			page 20


 712 01c0 CC010000 		.4byte	0x1cc
 713 01c4 0D       		.uleb128 0xd
 714 01c5 01       		.uleb128 0x1
 715 01c6 50       		.byte	0x50
 716 01c7 03       		.uleb128 0x3
 717 01c8 0A       		.byte	0xa
 718 01c9 DC05     		.2byte	0x5dc
 719 01cb 00       		.byte	0
 720 01cc 0F       		.uleb128 0xf
 721 01cd B4000000 		.4byte	.LVL9
 722 01d1 93030000 		.4byte	0x393
 723 01d5 DF010000 		.4byte	0x1df
 724 01d9 0D       		.uleb128 0xd
 725 01da 01       		.uleb128 0x1
 726 01db 50       		.byte	0x50
 727 01dc 01       		.uleb128 0x1
 728 01dd 38       		.byte	0x38
 729 01de 00       		.byte	0
 730 01df 0C       		.uleb128 0xc
 731 01e0 BA000000 		.4byte	.LVL10
 732 01e4 AD030000 		.4byte	0x3ad
 733 01e8 0D       		.uleb128 0xd
 734 01e9 01       		.uleb128 0x1
 735 01ea 50       		.byte	0x50
 736 01eb 01       		.uleb128 0x1
 737 01ec 38       		.byte	0x38
 738 01ed 00       		.byte	0
 739 01ee 00       		.byte	0
 740 01ef 10       		.uleb128 0x10
 741 01f0 C4000000 		.4byte	.LASF25
 742 01f4 01       		.byte	0x1
 743 01f5 0001     		.2byte	0x100
 744 01f7 00000000 		.4byte	.LFB7
 745 01fb 20000000 		.4byte	.LFE7-.LFB7
 746 01ff 01       		.uleb128 0x1
 747 0200 9C       		.byte	0x9c
 748 0201 24020000 		.4byte	0x224
 749 0205 11       		.uleb128 0x11
 750 0206 96020000 		.4byte	.LASF23
 751 020a 01       		.byte	0x1
 752 020b 0001     		.2byte	0x100
 753 020d 8D000000 		.4byte	0x8d
 754 0211 01       		.uleb128 0x1
 755 0212 50       		.byte	0x50
 756 0213 12       		.uleb128 0x12
 757 0214 D2020000 		.4byte	.LASF30
 758 0218 01       		.byte	0x1
 759 0219 0201     		.2byte	0x102
 760 021b A5000000 		.4byte	0xa5
 761 021f 4D000000 		.4byte	.LLST2
 762 0223 00       		.byte	0
 763 0224 0A       		.uleb128 0xa
 764 0225 1B000000 		.4byte	.LASF24
 765 0229 01       		.byte	0x1
 766 022a E4       		.byte	0xe4
 767 022b 00000000 		.4byte	.LFB6
 768 022f 48000000 		.4byte	.LFE6-.LFB6
ARM GAS  C:\Users\mlgjmoor\AppData\Local\Temp\ccfud7Jo.s 			page 21


 769 0233 01       		.uleb128 0x1
 770 0234 9C       		.byte	0x9c
 771 0235 49020000 		.4byte	0x249
 772 0239 0C       		.uleb128 0xc
 773 023a 2A000000 		.4byte	.LVL16
 774 023e EF010000 		.4byte	0x1ef
 775 0242 0D       		.uleb128 0xd
 776 0243 01       		.uleb128 0x1
 777 0244 50       		.byte	0x50
 778 0245 01       		.uleb128 0x1
 779 0246 31       		.byte	0x31
 780 0247 00       		.byte	0
 781 0248 00       		.byte	0
 782 0249 10       		.uleb128 0x10
 783 024a 26010000 		.4byte	.LASF26
 784 024e 01       		.byte	0x1
 785 024f 2201     		.2byte	0x122
 786 0251 2C010000 		.4byte	.LFB8
 787 0255 EC000000 		.4byte	.LFE8-.LFB8
 788 0259 01       		.uleb128 0x1
 789 025a 9C       		.byte	0x9c
 790 025b 12030000 		.4byte	0x312
 791 025f 13       		.uleb128 0x13
 792 0260 36010000 		.4byte	.LBB2
 793 0264 64000000 		.4byte	.LBE2-.LBB2
 794 0268 FF020000 		.4byte	0x2ff
 795 026c 14       		.uleb128 0x14
 796 026d 06       		.byte	0x6
 797 026e 01       		.byte	0x1
 798 026f 2B01     		.2byte	0x12b
 799 0271 90020000 		.4byte	0x290
 800 0275 15       		.uleb128 0x15
 801 0276 33010000 		.4byte	.LASF27
 802 027a 01       		.byte	0x1
 803 027b 2C01     		.2byte	0x12c
 804 027d 7D000000 		.4byte	0x7d
 805 0281 00       		.byte	0
 806 0282 15       		.uleb128 0x15
 807 0283 6F000000 		.4byte	.LASF28
 808 0287 01       		.byte	0x1
 809 0288 2D01     		.2byte	0x12d
 810 028a 99000000 		.4byte	0x99
 811 028e 04       		.byte	0x4
 812 028f 00       		.byte	0
 813 0290 08       		.uleb128 0x8
 814 0291 5F010000 		.4byte	.LASF29
 815 0295 01       		.byte	0x1
 816 0296 2E01     		.2byte	0x12e
 817 0298 6C020000 		.4byte	0x26c
 818 029c 16       		.uleb128 0x16
 819 029d 90020000 		.4byte	0x290
 820 02a1 AC020000 		.4byte	0x2ac
 821 02a5 17       		.uleb128 0x17
 822 02a6 76000000 		.4byte	0x76
 823 02aa 01       		.byte	0x1
 824 02ab 00       		.byte	0
 825 02ac 18       		.uleb128 0x18
ARM GAS  C:\Users\mlgjmoor\AppData\Local\Temp\ccfud7Jo.s 			page 22


 826 02ad 3B000000 		.4byte	.LASF31
 827 02b1 01       		.byte	0x1
 828 02b2 3001     		.2byte	0x130
 829 02b4 BE020000 		.4byte	0x2be
 830 02b8 05       		.uleb128 0x5
 831 02b9 03       		.byte	0x3
 832 02ba 00000000 		.4byte	cfg_memset_list.4773
 833 02be 19       		.uleb128 0x19
 834 02bf 9C020000 		.4byte	0x29c
 835 02c3 1A       		.uleb128 0x1a
 836 02c4 6900     		.ascii	"i\000"
 837 02c6 01       		.byte	0x1
 838 02c7 3601     		.2byte	0x136
 839 02c9 8D000000 		.4byte	0x8d
 840 02cd 6B000000 		.4byte	.LLST3
 841 02d1 1B       		.uleb128 0x1b
 842 02d2 3A010000 		.4byte	.LBB3
 843 02d6 1E000000 		.4byte	.LBE3-.LBB3
 844 02da 1A       		.uleb128 0x1a
 845 02db 6D7300   		.ascii	"ms\000"
 846 02de 01       		.byte	0x1
 847 02df 3B01     		.2byte	0x13b
 848 02e1 E9020000 		.4byte	0x2e9
 849 02e5 95000000 		.4byte	.LLST4
 850 02e9 06       		.uleb128 0x6
 851 02ea 04       		.byte	0x4
 852 02eb EF020000 		.4byte	0x2ef
 853 02ef 19       		.uleb128 0x19
 854 02f0 90020000 		.4byte	0x290
 855 02f4 0E       		.uleb128 0xe
 856 02f5 58010000 		.4byte	.LVL19
 857 02f9 F9000000 		.4byte	0xf9
 858 02fd 00       		.byte	0
 859 02fe 00       		.byte	0
 860 02ff 0E       		.uleb128 0xe
 861 0300 C4010000 		.4byte	.LVL22
 862 0304 46010000 		.4byte	0x146
 863 0308 0E       		.uleb128 0xe
 864 0309 C8010000 		.4byte	.LVL23
 865 030d 24020000 		.4byte	0x224
 866 0311 00       		.byte	0
 867 0312 1C       		.uleb128 0x1c
 868 0313 E8000000 		.4byte	.LASF32
 869 0317 7D000000 		.4byte	0x7d
 870 031b 2F030000 		.4byte	0x32f
 871 031f 1D       		.uleb128 0x1d
 872 0320 7D000000 		.4byte	0x7d
 873 0324 1D       		.uleb128 0x1d
 874 0325 25000000 		.4byte	0x25
 875 0329 1D       		.uleb128 0x1d
 876 032a 76000000 		.4byte	0x76
 877 032e 00       		.byte	0
 878 032f 1E       		.uleb128 0x1e
 879 0330 A9000000 		.4byte	.LASF42
 880 0334 05       		.byte	0x5
 881 0335 4F       		.byte	0x4f
 882 0336 1F       		.uleb128 0x1f
ARM GAS  C:\Users\mlgjmoor\AppData\Local\Temp\ccfud7Jo.s 			page 23


 883 0337 00000000 		.4byte	.LASF33
 884 033b 04       		.byte	0x4
 885 033c DA       		.byte	0xda
 886 033d 47030000 		.4byte	0x347
 887 0341 1D       		.uleb128 0x1d
 888 0342 A5000000 		.4byte	0xa5
 889 0346 00       		.byte	0
 890 0347 20       		.uleb128 0x20
 891 0348 74000000 		.4byte	.LASF35
 892 034c 05       		.byte	0x5
 893 034d 51       		.byte	0x51
 894 034e A5000000 		.4byte	0xa5
 895 0352 5C030000 		.4byte	0x35c
 896 0356 1D       		.uleb128 0x1d
 897 0357 A5000000 		.4byte	0xa5
 898 035b 00       		.byte	0
 899 035c 1F       		.uleb128 0x1f
 900 035d A8020000 		.4byte	.LASF34
 901 0361 04       		.byte	0x4
 902 0362 6C       		.byte	0x6c
 903 0363 6D030000 		.4byte	0x36d
 904 0367 1D       		.uleb128 0x1d
 905 0368 A5000000 		.4byte	0xa5
 906 036c 00       		.byte	0
 907 036d 20       		.uleb128 0x20
 908 036e BA010000 		.4byte	.LASF36
 909 0372 04       		.byte	0x4
 910 0373 82       		.byte	0x82
 911 0374 BF000000 		.4byte	0xbf
 912 0378 82030000 		.4byte	0x382
 913 037c 1D       		.uleb128 0x1d
 914 037d A5000000 		.4byte	0xa5
 915 0381 00       		.byte	0
 916 0382 1F       		.uleb128 0x1f
 917 0383 AB010000 		.4byte	.LASF37
 918 0387 04       		.byte	0x4
 919 0388 D8       		.byte	0xd8
 920 0389 93030000 		.4byte	0x393
 921 038d 1D       		.uleb128 0x1d
 922 038e 99000000 		.4byte	0x99
 923 0392 00       		.byte	0
 924 0393 20       		.uleb128 0x20
 925 0394 2C000000 		.4byte	.LASF38
 926 0398 04       		.byte	0x4
 927 0399 BB       		.byte	0xbb
 928 039a ED000000 		.4byte	0xed
 929 039e AD030000 		.4byte	0x3ad
 930 03a2 1D       		.uleb128 0x1d
 931 03a3 8D000000 		.4byte	0x8d
 932 03a7 1D       		.uleb128 0x1d
 933 03a8 ED000000 		.4byte	0xed
 934 03ac 00       		.byte	0
 935 03ad 21       		.uleb128 0x21
 936 03ae F6000000 		.4byte	.LASF43
 937 03b2 04       		.byte	0x4
 938 03b3 C1       		.byte	0xc1
 939 03b4 1D       		.uleb128 0x1d
ARM GAS  C:\Users\mlgjmoor\AppData\Local\Temp\ccfud7Jo.s 			page 24


 940 03b5 8D000000 		.4byte	0x8d
 941 03b9 00       		.byte	0
 942 03ba 00       		.byte	0
 943              		.section	.debug_abbrev,"",%progbits
 944              	.Ldebug_abbrev0:
 945 0000 01       		.uleb128 0x1
 946 0001 11       		.uleb128 0x11
 947 0002 01       		.byte	0x1
 948 0003 25       		.uleb128 0x25
 949 0004 0E       		.uleb128 0xe
 950 0005 13       		.uleb128 0x13
 951 0006 0B       		.uleb128 0xb
 952 0007 03       		.uleb128 0x3
 953 0008 0E       		.uleb128 0xe
 954 0009 1B       		.uleb128 0x1b
 955 000a 0E       		.uleb128 0xe
 956 000b 55       		.uleb128 0x55
 957 000c 17       		.uleb128 0x17
 958 000d 11       		.uleb128 0x11
 959 000e 01       		.uleb128 0x1
 960 000f 10       		.uleb128 0x10
 961 0010 17       		.uleb128 0x17
 962 0011 00       		.byte	0
 963 0012 00       		.byte	0
 964 0013 02       		.uleb128 0x2
 965 0014 24       		.uleb128 0x24
 966 0015 00       		.byte	0
 967 0016 0B       		.uleb128 0xb
 968 0017 0B       		.uleb128 0xb
 969 0018 3E       		.uleb128 0x3e
 970 0019 0B       		.uleb128 0xb
 971 001a 03       		.uleb128 0x3
 972 001b 08       		.uleb128 0x8
 973 001c 00       		.byte	0
 974 001d 00       		.byte	0
 975 001e 03       		.uleb128 0x3
 976 001f 16       		.uleb128 0x16
 977 0020 00       		.byte	0
 978 0021 03       		.uleb128 0x3
 979 0022 0E       		.uleb128 0xe
 980 0023 3A       		.uleb128 0x3a
 981 0024 0B       		.uleb128 0xb
 982 0025 3B       		.uleb128 0x3b
 983 0026 0B       		.uleb128 0xb
 984 0027 49       		.uleb128 0x49
 985 0028 13       		.uleb128 0x13
 986 0029 00       		.byte	0
 987 002a 00       		.byte	0
 988 002b 04       		.uleb128 0x4
 989 002c 24       		.uleb128 0x24
 990 002d 00       		.byte	0
 991 002e 0B       		.uleb128 0xb
 992 002f 0B       		.uleb128 0xb
 993 0030 3E       		.uleb128 0x3e
 994 0031 0B       		.uleb128 0xb
 995 0032 03       		.uleb128 0x3
 996 0033 0E       		.uleb128 0xe
ARM GAS  C:\Users\mlgjmoor\AppData\Local\Temp\ccfud7Jo.s 			page 25


 997 0034 00       		.byte	0
 998 0035 00       		.byte	0
 999 0036 05       		.uleb128 0x5
 1000 0037 0F       		.uleb128 0xf
 1001 0038 00       		.byte	0
 1002 0039 0B       		.uleb128 0xb
 1003 003a 0B       		.uleb128 0xb
 1004 003b 00       		.byte	0
 1005 003c 00       		.byte	0
 1006 003d 06       		.uleb128 0x6
 1007 003e 0F       		.uleb128 0xf
 1008 003f 00       		.byte	0
 1009 0040 0B       		.uleb128 0xb
 1010 0041 0B       		.uleb128 0xb
 1011 0042 49       		.uleb128 0x49
 1012 0043 13       		.uleb128 0x13
 1013 0044 00       		.byte	0
 1014 0045 00       		.byte	0
 1015 0046 07       		.uleb128 0x7
 1016 0047 15       		.uleb128 0x15
 1017 0048 00       		.byte	0
 1018 0049 27       		.uleb128 0x27
 1019 004a 19       		.uleb128 0x19
 1020 004b 00       		.byte	0
 1021 004c 00       		.byte	0
 1022 004d 08       		.uleb128 0x8
 1023 004e 16       		.uleb128 0x16
 1024 004f 00       		.byte	0
 1025 0050 03       		.uleb128 0x3
 1026 0051 0E       		.uleb128 0xe
 1027 0052 3A       		.uleb128 0x3a
 1028 0053 0B       		.uleb128 0xb
 1029 0054 3B       		.uleb128 0x3b
 1030 0055 05       		.uleb128 0x5
 1031 0056 49       		.uleb128 0x49
 1032 0057 13       		.uleb128 0x13
 1033 0058 00       		.byte	0
 1034 0059 00       		.byte	0
 1035 005a 09       		.uleb128 0x9
 1036 005b 35       		.uleb128 0x35
 1037 005c 00       		.byte	0
 1038 005d 49       		.uleb128 0x49
 1039 005e 13       		.uleb128 0x13
 1040 005f 00       		.byte	0
 1041 0060 00       		.byte	0
 1042 0061 0A       		.uleb128 0xa
 1043 0062 2E       		.uleb128 0x2e
 1044 0063 01       		.byte	0x1
 1045 0064 03       		.uleb128 0x3
 1046 0065 0E       		.uleb128 0xe
 1047 0066 3A       		.uleb128 0x3a
 1048 0067 0B       		.uleb128 0xb
 1049 0068 3B       		.uleb128 0x3b
 1050 0069 0B       		.uleb128 0xb
 1051 006a 27       		.uleb128 0x27
 1052 006b 19       		.uleb128 0x19
 1053 006c 11       		.uleb128 0x11
ARM GAS  C:\Users\mlgjmoor\AppData\Local\Temp\ccfud7Jo.s 			page 26


 1054 006d 01       		.uleb128 0x1
 1055 006e 12       		.uleb128 0x12
 1056 006f 06       		.uleb128 0x6
 1057 0070 40       		.uleb128 0x40
 1058 0071 18       		.uleb128 0x18
 1059 0072 9742     		.uleb128 0x2117
 1060 0074 19       		.uleb128 0x19
 1061 0075 01       		.uleb128 0x1
 1062 0076 13       		.uleb128 0x13
 1063 0077 00       		.byte	0
 1064 0078 00       		.byte	0
 1065 0079 0B       		.uleb128 0xb
 1066 007a 05       		.uleb128 0x5
 1067 007b 00       		.byte	0
 1068 007c 03       		.uleb128 0x3
 1069 007d 08       		.uleb128 0x8
 1070 007e 3A       		.uleb128 0x3a
 1071 007f 0B       		.uleb128 0xb
 1072 0080 3B       		.uleb128 0x3b
 1073 0081 0B       		.uleb128 0xb
 1074 0082 49       		.uleb128 0x49
 1075 0083 13       		.uleb128 0x13
 1076 0084 02       		.uleb128 0x2
 1077 0085 17       		.uleb128 0x17
 1078 0086 00       		.byte	0
 1079 0087 00       		.byte	0
 1080 0088 0C       		.uleb128 0xc
 1081 0089 898201   		.uleb128 0x4109
 1082 008c 01       		.byte	0x1
 1083 008d 11       		.uleb128 0x11
 1084 008e 01       		.uleb128 0x1
 1085 008f 31       		.uleb128 0x31
 1086 0090 13       		.uleb128 0x13
 1087 0091 00       		.byte	0
 1088 0092 00       		.byte	0
 1089 0093 0D       		.uleb128 0xd
 1090 0094 8A8201   		.uleb128 0x410a
 1091 0097 00       		.byte	0
 1092 0098 02       		.uleb128 0x2
 1093 0099 18       		.uleb128 0x18
 1094 009a 9142     		.uleb128 0x2111
 1095 009c 18       		.uleb128 0x18
 1096 009d 00       		.byte	0
 1097 009e 00       		.byte	0
 1098 009f 0E       		.uleb128 0xe
 1099 00a0 898201   		.uleb128 0x4109
 1100 00a3 00       		.byte	0
 1101 00a4 11       		.uleb128 0x11
 1102 00a5 01       		.uleb128 0x1
 1103 00a6 31       		.uleb128 0x31
 1104 00a7 13       		.uleb128 0x13
 1105 00a8 00       		.byte	0
 1106 00a9 00       		.byte	0
 1107 00aa 0F       		.uleb128 0xf
 1108 00ab 898201   		.uleb128 0x4109
 1109 00ae 01       		.byte	0x1
 1110 00af 11       		.uleb128 0x11
ARM GAS  C:\Users\mlgjmoor\AppData\Local\Temp\ccfud7Jo.s 			page 27


 1111 00b0 01       		.uleb128 0x1
 1112 00b1 31       		.uleb128 0x31
 1113 00b2 13       		.uleb128 0x13
 1114 00b3 01       		.uleb128 0x1
 1115 00b4 13       		.uleb128 0x13
 1116 00b5 00       		.byte	0
 1117 00b6 00       		.byte	0
 1118 00b7 10       		.uleb128 0x10
 1119 00b8 2E       		.uleb128 0x2e
 1120 00b9 01       		.byte	0x1
 1121 00ba 3F       		.uleb128 0x3f
 1122 00bb 19       		.uleb128 0x19
 1123 00bc 03       		.uleb128 0x3
 1124 00bd 0E       		.uleb128 0xe
 1125 00be 3A       		.uleb128 0x3a
 1126 00bf 0B       		.uleb128 0xb
 1127 00c0 3B       		.uleb128 0x3b
 1128 00c1 05       		.uleb128 0x5
 1129 00c2 27       		.uleb128 0x27
 1130 00c3 19       		.uleb128 0x19
 1131 00c4 11       		.uleb128 0x11
 1132 00c5 01       		.uleb128 0x1
 1133 00c6 12       		.uleb128 0x12
 1134 00c7 06       		.uleb128 0x6
 1135 00c8 40       		.uleb128 0x40
 1136 00c9 18       		.uleb128 0x18
 1137 00ca 9742     		.uleb128 0x2117
 1138 00cc 19       		.uleb128 0x19
 1139 00cd 01       		.uleb128 0x1
 1140 00ce 13       		.uleb128 0x13
 1141 00cf 00       		.byte	0
 1142 00d0 00       		.byte	0
 1143 00d1 11       		.uleb128 0x11
 1144 00d2 05       		.uleb128 0x5
 1145 00d3 00       		.byte	0
 1146 00d4 03       		.uleb128 0x3
 1147 00d5 0E       		.uleb128 0xe
 1148 00d6 3A       		.uleb128 0x3a
 1149 00d7 0B       		.uleb128 0xb
 1150 00d8 3B       		.uleb128 0x3b
 1151 00d9 05       		.uleb128 0x5
 1152 00da 49       		.uleb128 0x49
 1153 00db 13       		.uleb128 0x13
 1154 00dc 02       		.uleb128 0x2
 1155 00dd 18       		.uleb128 0x18
 1156 00de 00       		.byte	0
 1157 00df 00       		.byte	0
 1158 00e0 12       		.uleb128 0x12
 1159 00e1 34       		.uleb128 0x34
 1160 00e2 00       		.byte	0
 1161 00e3 03       		.uleb128 0x3
 1162 00e4 0E       		.uleb128 0xe
 1163 00e5 3A       		.uleb128 0x3a
 1164 00e6 0B       		.uleb128 0xb
 1165 00e7 3B       		.uleb128 0x3b
 1166 00e8 05       		.uleb128 0x5
 1167 00e9 49       		.uleb128 0x49
ARM GAS  C:\Users\mlgjmoor\AppData\Local\Temp\ccfud7Jo.s 			page 28


 1168 00ea 13       		.uleb128 0x13
 1169 00eb 02       		.uleb128 0x2
 1170 00ec 17       		.uleb128 0x17
 1171 00ed 00       		.byte	0
 1172 00ee 00       		.byte	0
 1173 00ef 13       		.uleb128 0x13
 1174 00f0 0B       		.uleb128 0xb
 1175 00f1 01       		.byte	0x1
 1176 00f2 11       		.uleb128 0x11
 1177 00f3 01       		.uleb128 0x1
 1178 00f4 12       		.uleb128 0x12
 1179 00f5 06       		.uleb128 0x6
 1180 00f6 01       		.uleb128 0x1
 1181 00f7 13       		.uleb128 0x13
 1182 00f8 00       		.byte	0
 1183 00f9 00       		.byte	0
 1184 00fa 14       		.uleb128 0x14
 1185 00fb 13       		.uleb128 0x13
 1186 00fc 01       		.byte	0x1
 1187 00fd 0B       		.uleb128 0xb
 1188 00fe 0B       		.uleb128 0xb
 1189 00ff 3A       		.uleb128 0x3a
 1190 0100 0B       		.uleb128 0xb
 1191 0101 3B       		.uleb128 0x3b
 1192 0102 05       		.uleb128 0x5
 1193 0103 01       		.uleb128 0x1
 1194 0104 13       		.uleb128 0x13
 1195 0105 00       		.byte	0
 1196 0106 00       		.byte	0
 1197 0107 15       		.uleb128 0x15
 1198 0108 0D       		.uleb128 0xd
 1199 0109 00       		.byte	0
 1200 010a 03       		.uleb128 0x3
 1201 010b 0E       		.uleb128 0xe
 1202 010c 3A       		.uleb128 0x3a
 1203 010d 0B       		.uleb128 0xb
 1204 010e 3B       		.uleb128 0x3b
 1205 010f 05       		.uleb128 0x5
 1206 0110 49       		.uleb128 0x49
 1207 0111 13       		.uleb128 0x13
 1208 0112 38       		.uleb128 0x38
 1209 0113 0B       		.uleb128 0xb
 1210 0114 00       		.byte	0
 1211 0115 00       		.byte	0
 1212 0116 16       		.uleb128 0x16
 1213 0117 01       		.uleb128 0x1
 1214 0118 01       		.byte	0x1
 1215 0119 49       		.uleb128 0x49
 1216 011a 13       		.uleb128 0x13
 1217 011b 01       		.uleb128 0x1
 1218 011c 13       		.uleb128 0x13
 1219 011d 00       		.byte	0
 1220 011e 00       		.byte	0
 1221 011f 17       		.uleb128 0x17
 1222 0120 21       		.uleb128 0x21
 1223 0121 00       		.byte	0
 1224 0122 49       		.uleb128 0x49
ARM GAS  C:\Users\mlgjmoor\AppData\Local\Temp\ccfud7Jo.s 			page 29


 1225 0123 13       		.uleb128 0x13
 1226 0124 2F       		.uleb128 0x2f
 1227 0125 0B       		.uleb128 0xb
 1228 0126 00       		.byte	0
 1229 0127 00       		.byte	0
 1230 0128 18       		.uleb128 0x18
 1231 0129 34       		.uleb128 0x34
 1232 012a 00       		.byte	0
 1233 012b 03       		.uleb128 0x3
 1234 012c 0E       		.uleb128 0xe
 1235 012d 3A       		.uleb128 0x3a
 1236 012e 0B       		.uleb128 0xb
 1237 012f 3B       		.uleb128 0x3b
 1238 0130 05       		.uleb128 0x5
 1239 0131 49       		.uleb128 0x49
 1240 0132 13       		.uleb128 0x13
 1241 0133 02       		.uleb128 0x2
 1242 0134 18       		.uleb128 0x18
 1243 0135 00       		.byte	0
 1244 0136 00       		.byte	0
 1245 0137 19       		.uleb128 0x19
 1246 0138 26       		.uleb128 0x26
 1247 0139 00       		.byte	0
 1248 013a 49       		.uleb128 0x49
 1249 013b 13       		.uleb128 0x13
 1250 013c 00       		.byte	0
 1251 013d 00       		.byte	0
 1252 013e 1A       		.uleb128 0x1a
 1253 013f 34       		.uleb128 0x34
 1254 0140 00       		.byte	0
 1255 0141 03       		.uleb128 0x3
 1256 0142 08       		.uleb128 0x8
 1257 0143 3A       		.uleb128 0x3a
 1258 0144 0B       		.uleb128 0xb
 1259 0145 3B       		.uleb128 0x3b
 1260 0146 05       		.uleb128 0x5
 1261 0147 49       		.uleb128 0x49
 1262 0148 13       		.uleb128 0x13
 1263 0149 02       		.uleb128 0x2
 1264 014a 17       		.uleb128 0x17
 1265 014b 00       		.byte	0
 1266 014c 00       		.byte	0
 1267 014d 1B       		.uleb128 0x1b
 1268 014e 0B       		.uleb128 0xb
 1269 014f 01       		.byte	0x1
 1270 0150 11       		.uleb128 0x11
 1271 0151 01       		.uleb128 0x1
 1272 0152 12       		.uleb128 0x12
 1273 0153 06       		.uleb128 0x6
 1274 0154 00       		.byte	0
 1275 0155 00       		.byte	0
 1276 0156 1C       		.uleb128 0x1c
 1277 0157 2E       		.uleb128 0x2e
 1278 0158 01       		.byte	0x1
 1279 0159 3F       		.uleb128 0x3f
 1280 015a 19       		.uleb128 0x19
 1281 015b 03       		.uleb128 0x3
ARM GAS  C:\Users\mlgjmoor\AppData\Local\Temp\ccfud7Jo.s 			page 30


 1282 015c 0E       		.uleb128 0xe
 1283 015d 27       		.uleb128 0x27
 1284 015e 19       		.uleb128 0x19
 1285 015f 49       		.uleb128 0x49
 1286 0160 13       		.uleb128 0x13
 1287 0161 34       		.uleb128 0x34
 1288 0162 19       		.uleb128 0x19
 1289 0163 3C       		.uleb128 0x3c
 1290 0164 19       		.uleb128 0x19
 1291 0165 01       		.uleb128 0x1
 1292 0166 13       		.uleb128 0x13
 1293 0167 00       		.byte	0
 1294 0168 00       		.byte	0
 1295 0169 1D       		.uleb128 0x1d
 1296 016a 05       		.uleb128 0x5
 1297 016b 00       		.byte	0
 1298 016c 49       		.uleb128 0x49
 1299 016d 13       		.uleb128 0x13
 1300 016e 00       		.byte	0
 1301 016f 00       		.byte	0
 1302 0170 1E       		.uleb128 0x1e
 1303 0171 2E       		.uleb128 0x2e
 1304 0172 00       		.byte	0
 1305 0173 3F       		.uleb128 0x3f
 1306 0174 19       		.uleb128 0x19
 1307 0175 03       		.uleb128 0x3
 1308 0176 0E       		.uleb128 0xe
 1309 0177 3A       		.uleb128 0x3a
 1310 0178 0B       		.uleb128 0xb
 1311 0179 3B       		.uleb128 0x3b
 1312 017a 0B       		.uleb128 0xb
 1313 017b 27       		.uleb128 0x27
 1314 017c 19       		.uleb128 0x19
 1315 017d 3C       		.uleb128 0x3c
 1316 017e 19       		.uleb128 0x19
 1317 017f 00       		.byte	0
 1318 0180 00       		.byte	0
 1319 0181 1F       		.uleb128 0x1f
 1320 0182 2E       		.uleb128 0x2e
 1321 0183 01       		.byte	0x1
 1322 0184 3F       		.uleb128 0x3f
 1323 0185 19       		.uleb128 0x19
 1324 0186 03       		.uleb128 0x3
 1325 0187 0E       		.uleb128 0xe
 1326 0188 3A       		.uleb128 0x3a
 1327 0189 0B       		.uleb128 0xb
 1328 018a 3B       		.uleb128 0x3b
 1329 018b 0B       		.uleb128 0xb
 1330 018c 27       		.uleb128 0x27
 1331 018d 19       		.uleb128 0x19
 1332 018e 3C       		.uleb128 0x3c
 1333 018f 19       		.uleb128 0x19
 1334 0190 01       		.uleb128 0x1
 1335 0191 13       		.uleb128 0x13
 1336 0192 00       		.byte	0
 1337 0193 00       		.byte	0
 1338 0194 20       		.uleb128 0x20
ARM GAS  C:\Users\mlgjmoor\AppData\Local\Temp\ccfud7Jo.s 			page 31


 1339 0195 2E       		.uleb128 0x2e
 1340 0196 01       		.byte	0x1
 1341 0197 3F       		.uleb128 0x3f
 1342 0198 19       		.uleb128 0x19
 1343 0199 03       		.uleb128 0x3
 1344 019a 0E       		.uleb128 0xe
 1345 019b 3A       		.uleb128 0x3a
 1346 019c 0B       		.uleb128 0xb
 1347 019d 3B       		.uleb128 0x3b
 1348 019e 0B       		.uleb128 0xb
 1349 019f 27       		.uleb128 0x27
 1350 01a0 19       		.uleb128 0x19
 1351 01a1 49       		.uleb128 0x49
 1352 01a2 13       		.uleb128 0x13
 1353 01a3 3C       		.uleb128 0x3c
 1354 01a4 19       		.uleb128 0x19
 1355 01a5 01       		.uleb128 0x1
 1356 01a6 13       		.uleb128 0x13
 1357 01a7 00       		.byte	0
 1358 01a8 00       		.byte	0
 1359 01a9 21       		.uleb128 0x21
 1360 01aa 2E       		.uleb128 0x2e
 1361 01ab 01       		.byte	0x1
 1362 01ac 3F       		.uleb128 0x3f
 1363 01ad 19       		.uleb128 0x19
 1364 01ae 03       		.uleb128 0x3
 1365 01af 0E       		.uleb128 0xe
 1366 01b0 3A       		.uleb128 0x3a
 1367 01b1 0B       		.uleb128 0xb
 1368 01b2 3B       		.uleb128 0x3b
 1369 01b3 0B       		.uleb128 0xb
 1370 01b4 27       		.uleb128 0x27
 1371 01b5 19       		.uleb128 0x19
 1372 01b6 3C       		.uleb128 0x3c
 1373 01b7 19       		.uleb128 0x19
 1374 01b8 00       		.byte	0
 1375 01b9 00       		.byte	0
 1376 01ba 00       		.byte	0
 1377              		.section	.debug_loc,"",%progbits
 1378              	.Ldebug_loc0:
 1379              	.LLST0:
 1380 0000 00000000 		.4byte	.LVL0
 1381 0004 09000000 		.4byte	.LVL2-1
 1382 0008 0100     		.2byte	0x1
 1383 000a 50       		.byte	0x50
 1384 000b 09000000 		.4byte	.LVL2-1
 1385 000f 0C000000 		.4byte	.LFE2
 1386 0013 0400     		.2byte	0x4
 1387 0015 F3       		.byte	0xf3
 1388 0016 01       		.uleb128 0x1
 1389 0017 50       		.byte	0x50
 1390 0018 9F       		.byte	0x9f
 1391 0019 00000000 		.4byte	0
 1392 001d 00000000 		.4byte	0
 1393              	.LLST1:
 1394 0021 00000000 		.4byte	.LVL0
 1395 0025 06000000 		.4byte	.LVL1
ARM GAS  C:\Users\mlgjmoor\AppData\Local\Temp\ccfud7Jo.s 			page 32


 1396 0029 0100     		.2byte	0x1
 1397 002b 51       		.byte	0x51
 1398 002c 06000000 		.4byte	.LVL1
 1399 0030 09000000 		.4byte	.LVL2-1
 1400 0034 0100     		.2byte	0x1
 1401 0036 52       		.byte	0x52
 1402 0037 09000000 		.4byte	.LVL2-1
 1403 003b 0C000000 		.4byte	.LFE2
 1404 003f 0400     		.2byte	0x4
 1405 0041 F3       		.byte	0xf3
 1406 0042 01       		.uleb128 0x1
 1407 0043 51       		.byte	0x51
 1408 0044 9F       		.byte	0x9f
 1409 0045 00000000 		.4byte	0
 1410 0049 00000000 		.4byte	0
 1411              	.LLST2:
 1412 004d 04000000 		.4byte	.LVL12
 1413 0051 12000000 		.4byte	.LVL14
 1414 0055 0100     		.2byte	0x1
 1415 0057 53       		.byte	0x53
 1416 0058 14000000 		.4byte	.LVL15
 1417 005c 20000000 		.4byte	.LFE7
 1418 0060 0100     		.2byte	0x1
 1419 0062 53       		.byte	0x53
 1420 0063 00000000 		.4byte	0
 1421 0067 00000000 		.4byte	0
 1422              	.LLST3:
 1423 006b 36010000 		.4byte	.LVL17
 1424 006f 3A010000 		.4byte	.LVL18
 1425 0073 0200     		.2byte	0x2
 1426 0075 30       		.byte	0x30
 1427 0076 9F       		.byte	0x9f
 1428 0077 3A010000 		.4byte	.LVL18
 1429 007b 5A010000 		.4byte	.LVL20
 1430 007f 0100     		.2byte	0x1
 1431 0081 54       		.byte	0x54
 1432 0082 5C010000 		.4byte	.LVL21
 1433 0086 C8010000 		.4byte	.LVL24
 1434 008a 0100     		.2byte	0x1
 1435 008c 54       		.byte	0x54
 1436 008d 00000000 		.4byte	0
 1437 0091 00000000 		.4byte	0
 1438              	.LLST4:
 1439 0095 3A010000 		.4byte	.LVL18
 1440 0099 5A010000 		.4byte	.LVL20
 1441 009d 0B00     		.2byte	0xb
 1442 009f 74       		.byte	0x74
 1443 00a0 00       		.sleb128 0
 1444 00a1 36       		.byte	0x36
 1445 00a2 1E       		.byte	0x1e
 1446 00a3 03       		.byte	0x3
 1447 00a4 00000000 		.4byte	cfg_memset_list.4773
 1448 00a8 22       		.byte	0x22
 1449 00a9 9F       		.byte	0x9f
 1450 00aa 5A010000 		.4byte	.LVL20
 1451 00ae 5C010000 		.4byte	.LVL21
 1452 00b2 0B00     		.2byte	0xb
ARM GAS  C:\Users\mlgjmoor\AppData\Local\Temp\ccfud7Jo.s 			page 33


 1453 00b4 74       		.byte	0x74
 1454 00b5 7F       		.sleb128 -1
 1455 00b6 36       		.byte	0x36
 1456 00b7 1E       		.byte	0x1e
 1457 00b8 03       		.byte	0x3
 1458 00b9 00000000 		.4byte	cfg_memset_list.4773
 1459 00bd 22       		.byte	0x22
 1460 00be 9F       		.byte	0x9f
 1461 00bf 00000000 		.4byte	0
 1462 00c3 00000000 		.4byte	0
 1463              		.section	.debug_aranges,"",%progbits
 1464 0000 3C000000 		.4byte	0x3c
 1465 0004 0200     		.2byte	0x2
 1466 0006 00000000 		.4byte	.Ldebug_info0
 1467 000a 04       		.byte	0x4
 1468 000b 00       		.byte	0
 1469 000c 0000     		.2byte	0
 1470 000e 0000     		.2byte	0
 1471 0010 00000000 		.4byte	.LFB2
 1472 0014 0C000000 		.4byte	.LFE2-.LFB2
 1473 0018 00000000 		.4byte	.LFB5
 1474 001c 2C010000 		.4byte	.LFE5-.LFB5
 1475 0020 00000000 		.4byte	.LFB7
 1476 0024 20000000 		.4byte	.LFE7-.LFB7
 1477 0028 00000000 		.4byte	.LFB6
 1478 002c 48000000 		.4byte	.LFE6-.LFB6
 1479 0030 2C010000 		.4byte	.LFB8
 1480 0034 EC000000 		.4byte	.LFE8-.LFB8
 1481 0038 00000000 		.4byte	0
 1482 003c 00000000 		.4byte	0
 1483              		.section	.debug_ranges,"",%progbits
 1484              	.Ldebug_ranges0:
 1485 0000 00000000 		.4byte	.LFB2
 1486 0004 0C000000 		.4byte	.LFE2
 1487 0008 00000000 		.4byte	.LFB5
 1488 000c 2C010000 		.4byte	.LFE5
 1489 0010 00000000 		.4byte	.LFB7
 1490 0014 20000000 		.4byte	.LFE7
 1491 0018 00000000 		.4byte	.LFB6
 1492 001c 48000000 		.4byte	.LFE6
 1493 0020 2C010000 		.4byte	.LFB8
 1494 0024 18020000 		.4byte	.LFE8
 1495 0028 00000000 		.4byte	0
 1496 002c 00000000 		.4byte	0
 1497              		.section	.debug_line,"",%progbits
 1498              	.Ldebug_line0:
 1499 0000 86010000 		.section	.debug_str,"MS",%progbits,1
 1499      0200E500 
 1499      00000201 
 1499      FB0E0D00 
 1499      01010101 
 1500              	.LASF33:
 1501 0000 43794465 		.ascii	"CyDelayCycles\000"
 1501      6C617943 
 1501      79636C65 
 1501      7300
 1502              	.LASF19:
ARM GAS  C:\Users\mlgjmoor\AppData\Local\Temp\ccfud7Jo.s 			page 34


 1503 000e 72656733 		.ascii	"reg32\000"
 1503      3200
 1504              	.LASF11:
 1505 0014 73697A65 		.ascii	"size_t\000"
 1505      5F7400
 1506              	.LASF24:
 1507 001b 416E616C 		.ascii	"AnalogSetDefault\000"
 1507      6F675365 
 1507      74446566 
 1507      61756C74 
 1507      00
 1508              	.LASF38:
 1509 002c 4379496E 		.ascii	"CyIntSetVector\000"
 1509      74536574 
 1509      56656374 
 1509      6F7200
 1510              	.LASF31:
 1511 003b 6366675F 		.ascii	"cfg_memset_list\000"
 1511      6D656D73 
 1511      65745F6C 
 1511      69737400 
 1512              	.LASF22:
 1513 004b 436C6F63 		.ascii	"ClockSetup\000"
 1513      6B536574 
 1513      757000
 1514              	.LASF4:
 1515 0056 73686F72 		.ascii	"short unsigned int\000"
 1515      7420756E 
 1515      7369676E 
 1515      65642069 
 1515      6E7400
 1516              	.LASF15:
 1517 0069 666C6F61 		.ascii	"float\000"
 1517      7400
 1518              	.LASF28:
 1519 006f 73697A65 		.ascii	"size\000"
 1519      00
 1520              	.LASF35:
 1521 0074 43795379 		.ascii	"CySysClkWcoSetPowerMode\000"
 1521      73436C6B 
 1521      57636F53 
 1521      6574506F 
 1521      7765724D 
 1522              	.LASF18:
 1523 008c 72656738 		.ascii	"reg8\000"
 1523      00
 1524              	.LASF6:
 1525 0091 6C6F6E67 		.ascii	"long unsigned int\000"
 1525      20756E73 
 1525      69676E65 
 1525      6420696E 
 1525      7400
 1526              	.LASF12:
 1527 00a3 75696E74 		.ascii	"uint8\000"
 1527      3800
 1528              	.LASF42:
 1529 00a9 43795379 		.ascii	"CySysClkWcoStart\000"
ARM GAS  C:\Users\mlgjmoor\AppData\Local\Temp\ccfud7Jo.s 			page 35


 1529      73436C6B 
 1529      57636F53 
 1529      74617274 
 1529      00
 1530              	.LASF21:
 1531 00ba 43594D45 		.ascii	"CYMEMZERO\000"
 1531      4D5A4552 
 1531      4F00
 1532              	.LASF25:
 1533 00c4 53657441 		.ascii	"SetAnalogRoutingPumps\000"
 1533      6E616C6F 
 1533      67526F75 
 1533      74696E67 
 1533      50756D70 
 1534              	.LASF2:
 1535 00da 756E7369 		.ascii	"unsigned char\000"
 1535      676E6564 
 1535      20636861 
 1535      7200
 1536              	.LASF32:
 1537 00e8 6D656D73 		.ascii	"memset\000"
 1537      657400
 1538              	.LASF16:
 1539 00ef 646F7562 		.ascii	"double\000"
 1539      6C6500
 1540              	.LASF43:
 1541 00f6 4379496E 		.ascii	"CyIntEnable\000"
 1541      74456E61 
 1541      626C6500 
 1542              	.LASF13:
 1543 0102 75696E74 		.ascii	"uint16\000"
 1543      313600
 1544              	.LASF17:
 1545 0109 63797374 		.ascii	"cystatus\000"
 1545      61747573 
 1545      00
 1546              	.LASF14:
 1547 0112 75696E74 		.ascii	"uint32\000"
 1547      333200
 1548              	.LASF0:
 1549 0119 756E7369 		.ascii	"unsigned int\000"
 1549      676E6564 
 1549      20696E74 
 1549      00
 1550              	.LASF26:
 1551 0126 63796669 		.ascii	"cyfitter_cfg\000"
 1551      74746572 
 1551      5F636667 
 1551      00
 1552              	.LASF27:
 1553 0133 61646472 		.ascii	"address\000"
 1553      65737300 
 1554              	.LASF8:
 1555 013b 6C6F6E67 		.ascii	"long long unsigned int\000"
 1555      206C6F6E 
 1555      6720756E 
 1555      7369676E 
ARM GAS  C:\Users\mlgjmoor\AppData\Local\Temp\ccfud7Jo.s 			page 36


 1555      65642069 
 1556              	.LASF20:
 1557 0152 63796973 		.ascii	"cyisraddress\000"
 1557      72616464 
 1557      72657373 
 1557      00
 1558              	.LASF29:
 1559 015f 6366675F 		.ascii	"cfg_memset_t\000"
 1559      6D656D73 
 1559      65745F74 
 1559      00
 1560              	.LASF40:
 1561 016c 2E5C4765 		.ascii	".\\Generated_Source\\PSoC4\\cyfitter_cfg.c\000"
 1561      6E657261 
 1561      7465645F 
 1561      536F7572 
 1561      63655C50 
 1562              	.LASF9:
 1563 0194 73697A65 		.ascii	"sizetype\000"
 1563      74797065 
 1563      00
 1564              	.LASF7:
 1565 019d 6C6F6E67 		.ascii	"long long int\000"
 1565      206C6F6E 
 1565      6720696E 
 1565      7400
 1566              	.LASF37:
 1567 01ab 43794465 		.ascii	"CyDelayUs\000"
 1567      6C617955 
 1567      7300
 1568              	.LASF10:
 1569 01b5 63686172 		.ascii	"char\000"
 1569      00
 1570              	.LASF36:
 1571 01ba 43795379 		.ascii	"CySysClkEcoStart\000"
 1571      73436C6B 
 1571      45636F53 
 1571      74617274 
 1571      00
 1572              	.LASF39:
 1573 01cb 474E5520 		.ascii	"GNU C 4.9.3 20150303 (release) [ARM/embedded-4_9-br"
 1573      4320342E 
 1573      392E3320 
 1573      32303135 
 1573      30333033 
 1574 01fe 616E6368 		.ascii	"anch revision 221220] -mcpu=cortex-m0 -mthumb -g -O"
 1574      20726576 
 1574      6973696F 
 1574      6E203232 
 1574      31323230 
 1575 0231 67202D66 		.ascii	"g -ffunction-sections -ffat-lto-objects\000"
 1575      66756E63 
 1575      74696F6E 
 1575      2D736563 
 1575      74696F6E 
 1576              	.LASF41:
 1577 0259 433A5C55 		.ascii	"C:\\Users\\mlgjmoor\\Documents\\PSoC Creator\\Nodus"
ARM GAS  C:\Users\mlgjmoor\AppData\Local\Temp\ccfud7Jo.s 			page 37


 1577      73657273 
 1577      5C6D6C67 
 1577      6A6D6F6F 
 1577      725C446F 
 1578 0287 435C6E6F 		.ascii	"C\\nodusC.cydsn\000"
 1578      64757343 
 1578      2E637964 
 1578      736E00
 1579              	.LASF23:
 1580 0296 656E6162 		.ascii	"enabled\000"
 1580      6C656400 
 1581              	.LASF3:
 1582 029e 73686F72 		.ascii	"short int\000"
 1582      7420696E 
 1582      7400
 1583              	.LASF34:
 1584 02a8 43795379 		.ascii	"CySysClkWriteImoFreq\000"
 1584      73436C6B 
 1584      57726974 
 1584      65496D6F 
 1584      46726571 
 1585              	.LASF5:
 1586 02bd 6C6F6E67 		.ascii	"long int\000"
 1586      20696E74 
 1586      00
 1587              	.LASF1:
 1588 02c6 7369676E 		.ascii	"signed char\000"
 1588      65642063 
 1588      68617200 
 1589              	.LASF30:
 1590 02d2 72656756 		.ascii	"regValue\000"
 1590      616C7565 
 1590      00
 1591              		.ident	"GCC: (GNU Tools for ARM Embedded Processors) 4.9.3 20150303 (release) [ARM/embedded-4_9-br
